
====================================================================

class 23a, prime = 11:

Time: 191.600

reducible, non-split: 0 --> 1 --> J[pr] --> χ_11 --> 0


====================================================================

class 29a, prime = 7:

Time: 27.450

reducible, non-split: 0 --> 1 --> J[pr] --> χ_7 --> 0


====================================================================

class 31a, prime = 5:

Time: 12.310

reducible, non-split: 0 --> χ_5 --> J[pr] --> 1 --> 0


====================================================================

class 31a, prime = 5:

Time: 7.070

reducible, non-split: 0 --> 1 --> J[pr] --> χ_5 --> 0


====================================================================

class 31a, prime = 5:

Time: 8.090

reducible, non-split: 0 --> 1 --> J[pr] --> χ_5 --> 0


====================================================================

class 31a, prime = 5:

Time: 20.220

reducible, split: J[frp] = χ_5 + 1


====================================================================

class 39a, prime = 7:

Time: 29.330

reducible, non-split: 0 --> 1 --> J[pr] --> χ_7 --> 0


====================================================================

class 65a, prime = 3:

Time: 3.730

reducible, non-split: 0 --> 1 --> J[pr] --> ε_-3 --> 0


====================================================================

class 67c, prime = 11:

Time: 148.870

reducible, non-split: 0 --> 1 --> J[pr] --> χ_11 --> 0


====================================================================

class 73a, prime = 3:

Time: 9.700

reducible, non-split: 0 --> ε_-3 --> J[pr] --> 1 --> 0


====================================================================

class 85b, prime = 3:

Time: 5.680

reducible, non-split: 0 --> ε_-3 --> J[pr] --> 1 --> 0


====================================================================

class 87a, prime = 5:

Time: 8.210

reducible, non-split: 0 --> 1 --> J[pr] --> χ_5 --> 0


====================================================================

class 87a, prime = 5:

Time: 7.150

reducible, non-split: 0 --> 1 --> J[pr] --> χ_5 --> 0


====================================================================

class 123b, prime = 7:

Time: 28.320

reducible, non-split: 0 --> 1 --> J[pr] --> χ_7 --> 0


====================================================================

class 125a, prime = 5:

Time: 8.530

reducible, split: J[frp] = ε_5 + χ_5^3


====================================================================

class 133d, prime = 3:

Time: 5.460

reducible, non-split: 0 --> 1 --> J[pr] --> ε_-3 --> 0


====================================================================

class 133e, prime = 5:

Time: 8.420

reducible, non-split: 0 --> 1 --> J[pr] --> χ_5 --> 0


====================================================================

class 135c, prime = 3:

Time: 6.360

reducible, non-split: 0 --> 1 --> J[pr] --> ε_-3 --> 0


====================================================================

class 135c, prime = 3:

Time: 4.430

reducible, non-split: 0 --> 1 --> J[pr] --> ε_-3 --> 0


====================================================================

class 147a, prime = 7:

Time: 23.950

reducible, non-split: 0 --> χ_7^4 --> J[pr] --> ε_-7 --> 0


====================================================================

class 211a, prime = 5:

Time: 19.240

reducible, non-split: 0 --> 1 --> J[pr] --> χ_5 --> 0


====================================================================

class 245a, prime = 7:

Time: 25.690

reducible, non-split: 0 --> χ_7^4 --> J[pr] --> ε_-7 --> 0


====================================================================

class 250a, prime = 5:

Time: 7.630

reducible, non-split: 0 --> χ_5^3 --> J[pr] --> ε_5 --> 0


====================================================================

class 275a, prime = 5:

Time: 7.940

reducible, non-split: 0 --> 1 --> J[pr] --> χ_5 --> 0


====================================================================

class 275b, prime = 3:

Time: 6.170

reducible, non-split: 0 --> ε_5 --> J[pr] --> ε_-15 --> 0


====================================================================

class 289a, prime = 3:

Time: 5.180

reducible, non-split: 0 --> ε_17 --> J[pr] --> ε_-51 --> 0


====================================================================

class 289a, prime = 17:

Time: 131.980

reducible, non-split: 0 --> χ_17^14 --> J[pr] --> χ_17^3 --> 0


====================================================================

class 358a, prime = 5:

Time: 8.020

reducible, non-split: 0 --> 1 --> J[pr] --> χ_5 --> 0


====================================================================

class 375a, prime = 5:

Time: 25.970

reducible, non-split: 0 --> χ_5^3 --> J[pr] --> ε_5 --> 0


====================================================================

class 841a, prime = 29:

Time: 8943.600

reducible, non-split: 0 --> χ_29^24 --> J[pr] --> χ_29^5 --> 0


Total time: 9746.379 seconds, Total memory usage: 83.16MB
