
====================================================================

class 23a, prime = 3:

Time: 8.180

  --> A_5

====================================================================

class 51a, prime = 3:

Time: 8.580

  --> A_5

====================================================================

class 67a, prime = 3:

Time: 4.560

  --> A_4

====================================================================

class 73b, prime = 3:

Time: 7.390

  --> A_4

====================================================================

class 93a, prime = 3:

Time: 6.290

  --> A_5

====================================================================

class 93a, prime = 3:

Time: 12.710

  --> A_5

====================================================================

class 103a, prime = 3:

Time: 4.650

  --> A_4

====================================================================

class 107a, prime = 3:

Time: 5.130

  --> A_5

====================================================================

class 115b, prime = 3:

Time: 5.970

  --> A_5

====================================================================

class 123b, prime = 3:

Time: 7.350

  --> A_5

====================================================================

class 125a, prime = 3:

Time: 8.620

  --> D_5

====================================================================

class 129a, prime = 3:

Time: 5.650

  --> A_5

====================================================================

class 133c, prime = 3:

Time: 4.560

  --> A_4

====================================================================

class 177a, prime = 3:

Time: 4.750

  --> A_5

====================================================================

class 188a, prime = 3:

Time: 4.750

  --> A_5

====================================================================

class 191a, prime = 3:

Time: 8.450

  --> A_5

====================================================================

class 193a, prime = 3:

Time: 5.150

  --> A_4

====================================================================

class 205a, prime = 3:

Time: 5.130

  --> A_5

====================================================================

class 207b, prime = 3:

Time: 5.340

  --> A_5

====================================================================

class 211a, prime = 3:

Time: 12.330

  --> A_5

====================================================================

class 213a, prime = 3:

Time: 4.920

  --> A_5

====================================================================

class 221a, prime = 3:

Time: 5.030

  --> A_5

====================================================================

class 245a, prime = 3:

Time: 12.710

  --> S_4

====================================================================

class 275a, prime = 3:

Time: 9.000

  --> A_5

====================================================================

class 375a, prime = 3:

Time: 28.330

  --> A_5

====================================================================

class 383a, prime = 3:

Time: 7.820

  --> A_5

====================================================================

class 461a, prime = 3:

Time: 4.750

  --> A_5

====================================================================

class 499a, prime = 3:

Time: 4.610

  --> A_5

====================================================================

class 523a, prime = 3:

Time: 7.850

  --> A_4

====================================================================

class 621a, prime = 3:

Time: 14.070

  --> A_5

====================================================================

class 621c, prime = 3:

Time: 4.680

  --> A_5

====================================================================

class 637a, prime = 3:

Time: 4.370

  --> A_4

====================================================================

class 647a, prime = 3:

Time: 4.470

  --> A_5

====================================================================

class 677a, prime = 3:

Time: 4.720

  --> A_5

====================================================================

class 752a, prime = 3:

Time: 4.890

  --> A_5

====================================================================

class 799a, prime = 3:

Time: 10.370

  --> A_5

====================================================================

class 845a, prime = 3:

Time: 4.830

  --> A_5

====================================================================

class 887a, prime = 3:

Time: 20.590

  --> A_5

====================================================================

class 929a, prime = 3:

Time: 4.630

  --> A_5

Total time: 298.480 seconds, Total memory usage: 229.16MB
