N = 23 (#1) of L-rank 0:

====================================================

index = 1: N := 23

Tamagawa numbers: c_23 = 1
Tam(J/Q) = []
DiagramData ...
Time: 0.220
reducible Galois representations for primes above 11.
#Sha(J/Q)[2] = 1
trying Heegner points for D_K = -7 ...
Time: 0.070
checking height with Gross-Zagier ...
Time: 1.400
difference in height(y_K) vs. Gross-Zagier: 0.000000
computing Heegner ideal ...
Time: 0.880
I_K = [ <11, 1> ]
ideal factorization: ([ 11, 0 ], [ 8, 1 ])
gcd(I_bounds) = [ <11, 1> ]
prime ideals that occur in the support of all Heegner ideals:
   ([ 11, 0 ], [ 8, 1 ])
prime divisors of Tam(J/Q): 
The support of Sha(J/Q) is contained in S = { 11 }.
ShaAnRk0:
LR = 1/11, C = 1, cfcpi = 11, #ker = 1, #coker = 1, #tors = 11, Tam = 1
The analytic order of Sha(J/Q)_an is 1 = [].
The support of #Sha(J/Q)_an is contained in the primes below primes in S.
  v_frp(Sha(J/K)) = 2 for the split Eisenstein prime ([ 11, 0 ], [ -3, 1 ]) by the IMC from [KY24, Thm. A/D].

===> BSD is true with #Sha = #Sha_an = 1.


N = 29 (#2) of L-rank 0:

====================================================

index = 2: N := 29

Tamagawa numbers: c_29 = 1
Tam(J/Q) = []
DiagramData ...
Time: 0.350
reducible Galois representations for primes above 7.
#Sha(J/Q)[2] = 1
trying Heegner points for D_K = -7 ...
Time: 0.180
checking height with Gross-Zagier ...
Time: 1.530
difference in height(y_K) vs. Gross-Zagier: 0.000000
computing Heegner ideal ...
Time: 0.990
I_K = [ <7, 1> ]
ideal factorization: ([ 7, 0 ], [ 4, 1 ])
gcd(I_bounds) = [ <7, 1> ]
prime ideals that occur in the support of all Heegner ideals:
   ([ 7, 0 ], [ 4, 1 ])
prime divisors of Tam(J/Q): 
The support of Sha(J/Q) is contained in S = { 7 }.
ShaAnRk0:
LR = 1/7, C = 1, cfcpi = 7, #ker = 1, #coker = 1, #tors = 7, Tam = 1
The analytic order of Sha(J/Q)_an is 1 = [].
The support of #Sha(J/Q)_an is contained in the primes below primes in S.
possible torsion prime  ([ 7, 0 ], [ 3, 1 ]):
  dim Sha(J/Q)[frp] = 0 for frp = <7, 1> by 6.2.1

===> BSD is true with #Sha = #Sha_an = 1.


N = 31 (#4) of L-rank 0:

====================================================

index = 4: N := 31

Tamagawa numbers: c_31 = 1
Tam(J/Q) = []
DiagramData ...
Time: 0.370
At least one of the endomorphism rings is not regular at 2.
 --> restrict to odd primes.
reducible Galois representations for primes above 5.
#Sha(J/Q)[2] = 2
trying Heegner points for D_K = -11 ...
Time: 0.210
checking height with Gross-Zagier ...
Time: 1.930
difference in height(y_K) vs. Gross-Zagier: 3.15544E-30
computing Heegner ideal ...
Time: 2.260
I_K = [ <2, 2>, <5, 1> ]
ideal factorization: ([ 2, 0 ])^2 ([ 5, 0 ], [ 1, -2 ])
gcd(I_bounds) = [ <2, 2>, <5, 1> ]
prime ideals that occur in the support of all Heegner ideals:
   ([ 2, 0 ]),  ([ 5, 0 ], [ 1, -2 ])
prime divisors of Tam(J/Q): 
The support of Sha(J/Q) is contained in S = { 2, 5 }.
ShaAnRk0:
LR = 1/5, C = 1, cfcpi = 5, #ker = 2, #coker = 1, #tors = 5, Tam = 1
The analytic order of Sha(J/Q)_an is 2 = [ <2, 1> ].
The support of #Sha(J/Q)_an is contained in the primes below primes in S.
  BSD_p holds for the (unique) Eisenstein prime above 5 by [KY24, Thm. C].

===> BSD is true with #Sha = #Sha_an = 2.


N = 31 (#5) of L-rank 0:

====================================================

index = 5: N := 31

Tamagawa numbers: c_31 = 1
Tam(J/Q) = []
DiagramData ...
Time: 0.190
reducible Galois representations for primes above 5.
#Sha(J/Q)[2] = 1
trying Heegner points for D_K = -11 ...
Time: 0.160
checking height with Gross-Zagier ...
Time: 1.900
difference in height(y_K) vs. Gross-Zagier: 3.15544E-30
computing Heegner ideal ...
Time: 0.860
I_K = [ <5, 1> ]
ideal factorization: ([ 5, 0 ], [ 3, -1 ])
gcd(I_bounds) = [ <5, 1> ]
prime ideals that occur in the support of all Heegner ideals:
   ([ 5, 0 ], [ 3, -1 ])
prime divisors of Tam(J/Q): 
The support of Sha(J/Q) is contained in S = { 5 }.
ShaAnRk0:
LR = 1/5, C = 1, cfcpi = 5, #ker = 1, #coker = 1, #tors = 5, Tam = 1
The analytic order of Sha(J/Q)_an is 1 = [].
The support of #Sha(J/Q)_an is contained in the primes below primes in S.
  BSD_p holds for the (unique) Eisenstein prime above 5 by [KY24, Thm. C].

===> BSD is true with #Sha = #Sha_an = 1.


N = 31 (#6) of L-rank 0:

====================================================

index = 6: N := 31

Tamagawa numbers: c_31 = 5
Tam(J/Q) = [ <5, 1> ]
DiagramData ...
Time: 0.360
reducible Galois representations for primes above 5.
#Sha(J/Q)[2] = 1
trying Heegner points for D_K = -11 ...
Time: 0.180
checking height with Gross-Zagier ...
Time: 1.910
difference in height(y_K) vs. Gross-Zagier: 1.57772E-30
computing Heegner ideal ...
Time: 1.280
I_K = [ <5, 1> ]
ideal factorization: ([ 5, 0 ], [ 2, 1 ])
gcd(I_bounds) = [ <5, 1> ]
prime ideals that occur in the support of all Heegner ideals:
   ([ 5, 0 ], [ 2, 1 ])
prime divisors of Tam(J/Q): 5
The support of Sha(J/Q) is contained in S = { 5 }.
ShaAnRk0:
LR = 1/5, C = 1, cfcpi = 1, #ker = 1, #coker = 1, #tors = 5, Tam = 5
The analytic order of Sha(J/Q)_an is 1 = [].
The support of #Sha(J/Q)_an is contained in the primes below primes in S.
  BSD_p holds for the (unique) Eisenstein prime above 5 by [KY24, Thm. C].

===> BSD is true with #Sha = #Sha_an = 1.


N = 35 (#7) of L-rank 0:

====================================================

index = 7: N := 35

Tamagawa numbers: c_5 = 2, c_7 = 1
Tam(J/Q) = [ <2, 1> ]
DiagramData ...
Time: 0.400
reducible Galois representations for primes above 2.
#Sha(J/Q)[2] = 1
trying Heegner points for D_K = -19 ...
Time: 0.720
checking height with Gross-Zagier ...
Time: 2.870
difference in height(y_K) vs. Gross-Zagier: 3.15544E-30
computing Heegner ideal ...
Time: 3.710
I_K = [ <2, 3> ]
ideal factorization: ([ 2, 0 ], [ 3, 1 ])^3
gcd(I_bounds) = [ <2, 3> ]
prime ideals that occur in the support of all Heegner ideals:
   ([ 2, 0 ], [ 3, 1 ])
prime divisors of Tam(J/Q): 2
The support of Sha(J/Q) is contained in S = {}.
ShaAnRk0:
LR = 1/16, C = 1, cfcpi = 4, #ker = 2, #coker = 1, #tors = 8, Tam = 2
The analytic order of Sha(J/Q)_an is 1 = [].
The support of #Sha(J/Q)_an is contained in the primes below primes in S.

===> BSD is true with #Sha = #Sha_an = 1.


N = 39 (#8) of L-rank 0:

====================================================

index = 8: N := 39

Tamagawa numbers: c_3 = 7, c_13 = 1
Tam(J/Q) = [ <7, 1> ]
DiagramData ...
Time: 0.800
reducible Galois representations for primes above 7, 2.
#Sha(J/Q)[2] = 1
c_3 = 7: a_3 = 1
  q = 7: #prqs = 2, v_7(exp(tors)) = 1, #(Sred meet prqs) = 1
  --> can remove one prime ideal above 7 from Tamagawa support
trying Heegner points for D_K = -23 ...
Time: 0.150
checking height with Gross-Zagier ...
Time: 3.620
difference in height(y_K) vs. Gross-Zagier: 1.57772E-30
computing Heegner ideal ...
Time: 1.360
I_K = [ <2, 1>, <7, 1> ]
ideal factorization: ([ 2, 0 ], [ -1, -1 ]) ([ 7, 0 ], [ 3, -1 ])
gcd(I_bounds) = [ <2, 1>, <7, 1> ]
prime ideals that occur in the support of all Heegner ideals:
   ([ 7, 0 ], [ 3, -1 ]),  ([ 2, 0 ], [ -1, -1 ])
prime divisors of Tam(J/Q): 7
The support of Sha(J/Q) is contained in S = { 7 }.
ShaAnRk0:
LR = 1/28, C = 1, cfcpi = 2, #ker = 2, #coker = 1, #tors = 14, Tam = 7
The analytic order of Sha(J/Q)_an is 1 = [].
The support of #Sha(J/Q)_an is contained in the primes below primes in S.
possible torsion prime  ([ 7, 0 ], [ 3, 1 ]):
  dim Sha(J/Q)[frp] = 0 for frp = <7, 1> by 6.2.1

===> BSD is true with #Sha = #Sha_an = 1.


N = 51 (#9) of L-rank 0:

====================================================

index = 9: N := 51

Tamagawa numbers: c_3 = 2, c_17 = 1
Tam(J/Q) = [ <2, 1> ]
DiagramData ...
Time: 0.470
reducible Galois representations for primes above 2.
#Sha(J/Q)[2] = 1
trying Heegner points for D_K = -35 ...
Time: 1.270
checking height with Gross-Zagier ...
Time: 5.330
difference in height(y_K) vs. Gross-Zagier: 6.31089E-30
computing Heegner ideal ...
Time: 11.010
I_K = [ <2, 3> ]
ideal factorization: ([ 2, 0 ], [ 1, -1 ])^3
gcd(I_bounds) = [ <2, 3> ]
prime ideals that occur in the support of all Heegner ideals:
   ([ 2, 0 ], [ 1, -1 ])
prime divisors of Tam(J/Q): 2
The support of Sha(J/Q) is contained in S = {}.
ShaAnRk0:
LR = 1/8, C = 1, cfcpi = 4, #ker = 2, #coker = 2, #tors = 8, Tam = 2
The analytic order of Sha(J/Q)_an is 1 = [].
The support of #Sha(J/Q)_an is contained in the primes below primes in S.

===> BSD is true with #Sha = #Sha_an = 1.


N = 65 (#10) of L-rank 0:

====================================================

index = 10: N := 65

Tamagawa numbers: c_5 = 2, c_13 = 2
Tam(J/Q) = [ <2, 2> ]
DiagramData ...
Time: 0.540
reducible Galois representations for primes above 3, 2.
#Sha(J/Q)[2] = 1
trying Heegner points for D_K = -51 ...
Time: 0.280
checking height with Gross-Zagier ...
Time: 9.070
difference in height(y_K) vs. Gross-Zagier: 6.31089E-30
computing Heegner ideal ...
Time: 2.980
I_K = [ <2, 2>, <3, 1> ]
ideal factorization: ([ 2, 0 ], [ 1, -1 ])^2 ([ 3, 0 ], [ 0, -1 ])
gcd(I_bounds) = [ <2, 2>, <3, 1> ]
prime ideals that occur in the support of all Heegner ideals:
   ([ 3, 0 ], [ 0, -1 ]),  ([ 2, 0 ], [ 1, -1 ])
prime divisors of Tam(J/Q): 2
The support of Sha(J/Q) is contained in S = { 3 }.
ShaAnRk0:
LR = 1/6, C = 1, cfcpi = 3, #ker = 2, #coker = 1, #tors = 6, Tam = 4
The analytic order of Sha(J/Q)_an is 1 = [].
The support of #Sha(J/Q)_an is contained in the primes below primes in S.
  BSD_p holds for the (unique) Eisenstein prime above 3 by [KY24, Thm. C].

===> BSD is true with #Sha = #Sha_an = 1.


N = 67 (#11) of L-rank 1:

====================================================

index = 11: N := 67

Tamagawa numbers: c_67 = 1
Tam(J/Q) = []
DiagramData ...
Time: 0.340
reducible Galois representations for primes above .
#Sha(J/Q)[2] = 1
trying Heegner points for D_K = -7 ...
Time: 0.070
checking height with Gross-Zagier ...
Time: 3.040
difference in height(y_K) vs. Gross-Zagier: 0.000000
computing Heegner ideal ...
Time: 1.090
I_K = []
gcd(I_bounds) = []
no prime ideal divides all Heegner ideals
prime divisors of Tam(J/Q): 
The support of Sha(J/Q) is contained in S = {}.
ShaAnRk1:
LR = 4, C = 1, cfcpi = 1, #ker = 1, #coker = 1, #J(R)[2] = 4, Tam = 1
sqrt(disc Z[f] / disc O) = 1, I_{K,pi} = 1, (J(K):J(Q)) = 1
The analytic order of Sha(J/Q)_an is 1 = [].
The support of #Sha(J/Q)_an is contained in the primes below primes in S.

===> BSD is true with #Sha = #Sha_an = 1.


N = 67 (#12) of L-rank 0:

====================================================

index = 12: N := 67

Tamagawa numbers: c_67 = 1
Tam(J/Q) = []
DiagramData ...
Time: 0.520
reducible Galois representations for primes above 11.
#Sha(J/Q)[2] = 4
trying Heegner points for D_K = -7 ...
Time: 0.550
checking height with Gross-Zagier ...
Time: 3.210
difference in height(y_K) vs. Gross-Zagier: 1.26218E-29
computing Heegner ideal ...
Time: 2.190
I_K = [ <11, 1> ]
ideal factorization: ([ 11, 0 ], [ 8, 1 ])
gcd(I_bounds) = [ <11, 1> ]
prime ideals that occur in the support of all Heegner ideals:
   ([ 11, 0 ], [ 8, 1 ])
prime divisors of Tam(J/Q): 
The support of Sha(J/Q) is contained in S = { 2, 11 }.
ShaAnRk0:
LR = 4/11, C = 1, cfcpi = 11, #ker = 1, #coker = 1, #tors = 11, Tam = 1
The analytic order of Sha(J/Q)_an is 4 = [ <2, 2> ].
The support of #Sha(J/Q)_an is contained in the primes below primes in S.
  v_frp(Sha(J/K)) = 2 for the split Eisenstein prime ([ 11, 0 ], [ -3, 1 ]) by the IMC from [KY24, Thm. A/D].

The following remains to be done:
* Show that #Sha(J/Q)[2^infty] = 4.
  If this curve is from the LMFDB, this follows from [Fisher-Yan].


N = 73 (#13) of L-rank 0:

====================================================

index = 13: N := 73

Tamagawa numbers: c_73 = 1
Tam(J/Q) = []
DiagramData ...
Time: 0.970
reducible Galois representations for primes above 3.
#Sha(J/Q)[2] = 4
trying Heegner points for D_K = -19 ...
DiagramData: prec = 57, err = 5.99037E-36
Time: 0.300
checking height with Gross-Zagier ...
Time: 4.970
difference in height(y_K) vs. Gross-Zagier: 0.000000
computing Heegner ideal ...
Time: 505.050
I_K = []
gcd(I_bounds) = []
no prime ideal divides all Heegner ideals
prime divisors of Tam(J/Q): 
The support of Sha(J/Q) is contained in S = { 2, 3 }.
ShaAnRk0:
LR = 4/3, C = 1, cfcpi = 1, #ker = 3, #coker = 1, #tors = 1, Tam = 1
The analytic order of Sha(J/Q)_an is 4 = [ <2, 2> ].
The support of #Sha(J/Q)_an is contained in the primes below primes in S.

The following remains to be done:
* Show that #Sha(J/Q)[2^infty] = 4.
  If this curve is from the LMFDB, this follows from [Fisher-Yan].
* Show that Sha(J/Q)[frp] = 0 for the reducible prime
  frp = ([ 3, 0 ], [ 0, 1 ]) above 3.


N = 73 (#14) of L-rank 1:

====================================================

index = 14: N := 73

Tamagawa numbers: c_73 = 1
Tam(J/Q) = []
DiagramData ...
Time: 0.590
reducible Galois representations for primes above .
#Sha(J/Q)[2] = 1
trying Heegner points for D_K = -19 ...
Time: 0.230
checking height with Gross-Zagier ...
Time: 3.730
difference in height(y_K) vs. Gross-Zagier: 1.97215E-31
computing Heegner ideal ...
Time: 1.200
I_K = []
gcd(I_bounds) = []
no prime ideal divides all Heegner ideals
prime divisors of Tam(J/Q): 
The support of Sha(J/Q) is contained in S = {}.
ShaAnRk1:
LR = 4, C = 1, cfcpi = 1, #ker = 1, #coker = 1, #J(R)[2] = 4, Tam = 1
sqrt(disc Z[f] / disc O) = 1, I_{K,pi} = 1, (J(K):J(Q)) = 1
The analytic order of Sha(J/Q)_an is 1 = [].
The support of #Sha(J/Q)_an is contained in the primes below primes in S.

===> BSD is true with #Sha = #Sha_an = 1.


N = 77 (#15) of L-rank 0:

====================================================

index = 15: N := 77

Tamagawa numbers: c_7 = 1, c_11 = 4
Tam(J/Q) = [ <2, 2> ]
DiagramData ...
Time: 0.450
At least one of the endomorphism rings is not regular at 2.
 --> restrict to odd primes.
reducible Galois representations for primes above .
#Sha(J/Q)[2] = 1
trying Heegner points for D_K = -19 ...
Time: 0.070
checking height with Gross-Zagier ...
Time: 6.110
difference in height(y_K) vs. Gross-Zagier: 1.57772E-30
computing Heegner ideal ...
Time: 2.090
prime ideal Principal Prime Ideal
Generator:
[2, 0] of End(J) does not correspond to a prime ideal of Z[f].
skipping.
I_K = [ <2, 2> ]
gcd(I_bounds) = [ <2, 2> ]
no prime ideal divides all Heegner ideals
prime divisors of Tam(J/Q): 2
The support of Sha(J/Q) is contained in S = {}.
ShaAnRk0:
LR = 1/4, C = 1, cfcpi = 2, #ker = 2, #coker = 1, #tors = 4, Tam = 4
The analytic order of Sha(J/Q)_an is 1 = [].
The support of #Sha(J/Q)_an is contained in the primes below primes in S.

===> BSD is true with #Sha = #Sha_an = 1.


N = 85 (#16) of L-rank 1:

====================================================

index = 16: N := 85

Tamagawa numbers: c_5 = 2, c_17 = 1
Tam(J/Q) = [ <2, 1> ]
DiagramData ...
Time: 0.850
reducible Galois representations for primes above 2.
#Sha(J/Q)[2] = 1
trying Heegner points for D_K = -19 ...
Time: 0.260
checking height with Gross-Zagier ...
Time: 4.370
difference in height(y_K) vs. Gross-Zagier: 7.88861E-31
computing Heegner ideal ...
Time: 2.780
I_K = [ <2, 2> ]
ideal factorization: ([ 2, 0 ], [ 1, 1 ])^2
gcd(I_bounds) = [ <2, 2> ]
prime ideals that occur in the support of all Heegner ideals:
   ([ 2, 0 ], [ 1, 1 ])
prime divisors of Tam(J/Q): 2
The support of Sha(J/Q) is contained in S = {}.
ShaAnRk1:
LR = 16, C = 1, cfcpi = 1, #ker = 1, #coker = 1, #J(R)[2] = 8, Tam = 2
sqrt(disc Z[f] / disc O) = 1, I_{K,pi} = 4, (J(K):J(Q)) = 1
The analytic order of Sha(J/Q)_an is 1 = [].
The support of #Sha(J/Q)_an is contained in the primes below primes in S.

===> BSD is true with #Sha = #Sha_an = 1.


N = 85 (#17) of L-rank 0:

====================================================

index = 17: N := 85

Tamagawa numbers: c_5 = 2, c_17 = 1
Tam(J/Q) = [ <2, 1> ]
DiagramData ...
Time: 1.020
reducible Galois representations for primes above 3, 2.
#Sha(J/Q)[2] = 2
trying Heegner points for D_K = -19 ...
DiagramData: prec = 40, err = 1.33411E-23
Time: 0.240
checking height with Gross-Zagier ...
Time: 5.910
difference in height(y_K) vs. Gross-Zagier: 0.000000
computing Heegner ideal ...
Time: 104.290
I_K = [ <2, 2> ]
ideal factorization: ([ 2, 0 ], [ 1, 1 ])^2
gcd(I_bounds) = [ <2, 2> ]
prime ideals that occur in the support of all Heegner ideals:
   ([ 2, 0 ], [ 1, 1 ])
prime divisors of Tam(J/Q): 2
The support of Sha(J/Q) is contained in S = { 2, 3 }.
ShaAnRk0:
LR = 1/3, C = 1, cfcpi = 1, #ker = 3, #coker = 1, #tors = 2, Tam = 2
The analytic order of Sha(J/Q)_an is 2 = [ <2, 1> ].
The support of #Sha(J/Q)_an is contained in the primes below primes in S.
  BSD_p holds for the (unique) Eisenstein prime above 3 by [KY24, Thm. C].

===> BSD is true with #Sha = #Sha_an = 2.


N = 87 (#18) of L-rank 0:

====================================================

index = 18: N := 87

Tamagawa numbers: c_3 = 5, c_29 = 1
Tam(J/Q) = [ <5, 1> ]
DiagramData ...
Time: 0.630
reducible Galois representations for primes above 5.
#Sha(J/Q)[2] = 1
trying Heegner points for D_K = -23 ...
Time: 0.090
checking height with Gross-Zagier ...
Time: 6.850
difference in height(y_K) vs. Gross-Zagier: 3.15544E-30
computing Heegner ideal ...
Time: 1.120
I_K = [ <5, 1> ]
ideal factorization: ([ 5, 0 ], [ 2, 1 ])
gcd(I_bounds) = [ <5, 1> ]
prime ideals that occur in the support of all Heegner ideals:
   ([ 5, 0 ], [ 2, 1 ])
prime divisors of Tam(J/Q): 5
The support of Sha(J/Q) is contained in S = { 5 }.
ShaAnRk0:
LR = 1/5, C = 1, cfcpi = 1, #ker = 1, #coker = 1, #tors = 5, Tam = 5
The analytic order of Sha(J/Q)_an is 1 = [].
The support of #Sha(J/Q)_an is contained in the primes below primes in S.
  BSD_p holds for the (unique) Eisenstein prime above 5 by [KY24, Thm. C].

===> BSD is true with #Sha = #Sha_an = 1.


N = 87 (#19) of L-rank 0:

====================================================

index = 19: N := 87

Tamagawa numbers: c_3 = 5, c_29 = 1
Tam(J/Q) = [ <5, 1> ]
DiagramData ...
Time: 0.950
At least one of the endomorphism rings is not regular at 2.
 --> restrict to odd primes.
reducible Galois representations for primes above 5.
#Sha(J/Q)[2] = 2
trying Heegner points for D_K = -23 ...
Time: 3.680
checking height with Gross-Zagier ...
Time: 6.970
difference in height(y_K) vs. Gross-Zagier: 1.26218E-29
computing Heegner ideal ...
Time: 3.050
I_K = [ <2, 1>, <5, 1> ]
ideal factorization: ([ 2, 0 ]) ([ 5, 0 ], [ 1, -2 ])
gcd(I_bounds) = [ <2, 1>, <5, 1> ]
prime ideals that occur in the support of all Heegner ideals:
   ([ 2, 0 ]),  ([ 5, 0 ], [ 1, -2 ])
prime divisors of Tam(J/Q): 5
The support of Sha(J/Q) is contained in S = { 2, 5 }.
ShaAnRk0:
LR = 1/5, C = 1, cfcpi = 1, #ker = 2, #coker = 1, #tors = 5, Tam = 5
The analytic order of Sha(J/Q)_an is 2 = [ <2, 1> ].
The support of #Sha(J/Q)_an is contained in the primes below primes in S.
  BSD_p holds for the (unique) Eisenstein prime above 5 by [KY24, Thm. C].

===> BSD is true with #Sha = #Sha_an = 2.


N = 88 (#20) of L-rank 0:

====================================================

index = 20: N := 88

Tamagawa numbers: c_2 = 4, c_11 = 1
Tam(J/Q) = [ <2, 2> ]
DiagramData ...
Time: 1.410
reducible Galois representations for primes above 2.
#Sha(J/Q)[2] = 1
trying Heegner points for D_K = -7 ...
Time: 0.080
checking height with Gross-Zagier ...
Time: 2.140
difference in height(y_K) vs. Gross-Zagier: 3.15544E-30
computing Heegner ideal ...
Time: 1.960
I_K = [ <2, 3> ]
ideal factorization: ([ 2, 0 ], [ 2, 1 ])^2 ([ 2, 0 ], [ 1, 1 ])
gcd(I_bounds) = [ <2, 3> ]
prime ideals that occur in the support of all Heegner ideals:
   ([ 2, 0 ], [ 2, 1 ]),  ([ 2, 0 ], [ 1, 1 ])
prime divisors of Tam(J/Q): 2
The support of Sha(J/Q) is contained in S = {}.
ShaAnRk0:
LR = 1/4, C = 1/4, cfcpi = 2, #ker = 2, #coker = 1, #tors = 4, Tam = 4
The analytic order of Sha(J/Q)_an is 1 = [].
The support of #Sha(J/Q)_an is contained in the primes below primes in S.

===> BSD is true with #Sha = #Sha_an = 1.


N = 93 (#21) of L-rank 1:

====================================================

index = 21: N := 93

Tamagawa numbers: c_3 = 4, c_31 = 1
Tam(J/Q) = [ <2, 2> ]
DiagramData ...
Time: 0.890
reducible Galois representations for primes above .
#Sha(J/Q)[2] = 1
trying Heegner points for D_K = -11 ...
Time: 0.220
checking height with Gross-Zagier ...
Time: 4.180
difference in height(y_K) vs. Gross-Zagier: 0.000000
computing Heegner ideal ...
Time: 1.840
I_K = [ <2, 2> ]
ideal factorization: ([ 2, 0 ])
gcd(I_bounds) = [ <2, 2> ]
prime ideals that occur in the support of all Heegner ideals:
   ([ 2, 0 ])
prime divisors of Tam(J/Q): 2
The support of Sha(J/Q) is contained in S = {}.
ShaAnRk1:
LR = 16, C = 1, cfcpi = 1, #ker = 1, #coker = 1, #J(R)[2] = 4, Tam = 4
sqrt(disc Z[f] / disc O) = 1, I_{K,pi} = 4, (J(K):J(Q)) = 1
The analytic order of Sha(J/Q)_an is 1 = [].
The support of #Sha(J/Q)_an is contained in the primes below primes in S.

===> BSD is true with #Sha = #Sha_an = 1.


N = 93 (#22) of L-rank 1:

====================================================

index = 22: N := 93

Tamagawa numbers: c_3 = 2, c_31 = 1
Tam(J/Q) = [ <2, 1> ]
DiagramData ...
Time: 1.320
At least one of the endomorphism rings is not regular at 2.
 --> restrict to odd primes.
reducible Galois representations for primes above .
#Sha(J/Q)[2] = 1
trying Heegner points for D_K = -11 ...
DiagramData: prec = 57, err = 9.81476E-39
Time: 0.330
checking height with Gross-Zagier ...
Time: 4.150
difference in height(y_K) vs. Gross-Zagier: 1.57772E-30
computing Heegner ideal ...
Time: 3.100
I_K = [ <2, 3> ]
ideal factorization: ([ 2, 0 ])^3
gcd(I_bounds) = [ <2, 3> ]
prime ideals that occur in the support of all Heegner ideals:
   ([ 2, 0 ])
prime divisors of Tam(J/Q): 2
The support of Sha(J/Q) is contained in S = {}.
ShaAnRk1:
LR = 16, C = 1, cfcpi = 1, #ker = 2, #coker = 1, #J(R)[2] = 4, Tam = 2
sqrt(disc Z[f] / disc O) = 1/2, I_{K,pi} = 8, (J(K):J(Q)) = 1
The analytic order of Sha(J/Q)_an is 1 = [].
The support of #Sha(J/Q)_an is contained in the primes below primes in S.

===> BSD is true with #Sha = #Sha_an = 1.


N = 103 (#23) of L-rank 1:

====================================================

index = 23: N := 103

Tamagawa numbers: c_103 = 1
Tam(J/Q) = []
DiagramData ...
Time: 0.800
reducible Galois representations for primes above .
#Sha(J/Q)[2] = 1
trying Heegner points for D_K = -11 ...
Time: 0.300
checking height with Gross-Zagier ...
Time: 4.750
difference in height(y_K) vs. Gross-Zagier: 1.97215E-31
computing Heegner ideal ...
Time: 1.060
I_K = []
gcd(I_bounds) = []
no prime ideal divides all Heegner ideals
prime divisors of Tam(J/Q): 
The support of Sha(J/Q) is contained in S = {}.
ShaAnRk1:
LR = 4, C = 1, cfcpi = 1, #ker = 1, #coker = 1, #J(R)[2] = 4, Tam = 1
sqrt(disc Z[f] / disc O) = 1, I_{K,pi} = 1, (J(K):J(Q)) = 1
The analytic order of Sha(J/Q)_an is 1 = [].
The support of #Sha(J/Q)_an is contained in the primes below primes in S.

===> BSD is true with #Sha = #Sha_an = 1.


N = 107 (#24) of L-rank 1:

====================================================

index = 24: N := 107

Tamagawa numbers: c_107 = 1
Tam(J/Q) = []
DiagramData ...
Time: 0.530
reducible Galois representations for primes above .
#Sha(J/Q)[2] = 1
trying Heegner points for D_K = -7 ...
Time: 0.080
checking height with Gross-Zagier ...
Time: 4.640
difference in height(y_K) vs. Gross-Zagier: 3.94430E-31
computing Heegner ideal ...
Time: 0.920
I_K = []
gcd(I_bounds) = []
no prime ideal divides all Heegner ideals
prime divisors of Tam(J/Q): 
The support of Sha(J/Q) is contained in S = {}.
ShaAnRk1:
LR = 4, C = 1, cfcpi = 1, #ker = 1, #coker = 1, #J(R)[2] = 4, Tam = 1
sqrt(disc Z[f] / disc O) = 1, I_{K,pi} = 1, (J(K):J(Q)) = 1
The analytic order of Sha(J/Q)_an is 1 = [].
The support of #Sha(J/Q)_an is contained in the primes below primes in S.

===> BSD is true with #Sha = #Sha_an = 1.


N = 115 (#25) of L-rank 1:

====================================================

index = 25: N := 115

Tamagawa numbers: c_5 = 4, c_23 = 1
Tam(J/Q) = [ <2, 2> ]
DiagramData ...
Time: 1.320
reducible Galois representations for primes above .
#Sha(J/Q)[2] = 1
trying Heegner points for D_K = -11 ...
Time: 0.340
checking height with Gross-Zagier ...
Time: 5.270
difference in height(y_K) vs. Gross-Zagier: 3.94430E-31
computing Heegner ideal ...
Time: 1.640
I_K = [ <2, 2> ]
ideal factorization: ([ 2, 0 ])
gcd(I_bounds) = [ <2, 2> ]
prime ideals that occur in the support of all Heegner ideals:
   ([ 2, 0 ])
prime divisors of Tam(J/Q): 2
The support of Sha(J/Q) is contained in S = {}.
ShaAnRk1:
LR = 16, C = 1, cfcpi = 1, #ker = 1, #coker = 1, #J(R)[2] = 4, Tam = 4
sqrt(disc Z[f] / disc O) = 1, I_{K,pi} = 4, (J(K):J(Q)) = 1
The analytic order of Sha(J/Q)_an is 1 = [].
The support of #Sha(J/Q)_an is contained in the primes below primes in S.

===> BSD is true with #Sha = #Sha_an = 1.


N = 123 (#26) of L-rank 0:

====================================================

index = 26: N := 123

Tamagawa numbers: c_3 = 7, c_41 = 1
Tam(J/Q) = [ <7, 1> ]
DiagramData ...
Time: 1.060
reducible Galois representations for primes above 7.
#Sha(J/Q)[2] = 2
c_3 = 7: a_3 = 1
  q = 7: #prqs = 2, v_7(exp(tors)) = 1, #(Sred meet prqs) = 1
  --> can remove one prime ideal above 7 from Tamagawa support
trying Heegner points for D_K = -23 ...
Time: 0.620
checking height with Gross-Zagier ...
Time: 7.150
difference in height(y_K) vs. Gross-Zagier: 0.000000
computing Heegner ideal ...
Time: 1.720
I_K = [ <7, 1> ]
ideal factorization: ([ 7, 0 ], [ 4, 1 ])
gcd(I_bounds) = [ <7, 1> ]
prime ideals that occur in the support of all Heegner ideals:
   ([ 7, 0 ], [ 4, 1 ])
prime divisors of Tam(J/Q): 7
The support of Sha(J/Q) is contained in S = { 2, 7 }.
ShaAnRk0:
LR = 2/7, C = 1, cfcpi = 1, #ker = 1, #coker = 1, #tors = 7, Tam = 7
The analytic order of Sha(J/Q)_an is 2 = [ <2, 1> ].
The support of #Sha(J/Q)_an is contained in the primes below primes in S.
possible torsion prime  ([ 7, 0 ], [ 4, 1 ]):
  dim Sha(J/Q)[frp] = 0 for frp = <7, 1> by 6.2.1

===> BSD is true with #Sha = #Sha_an = 2.


N = 125 (#27) of L-rank 1:

====================================================

index = 27: N := 125

Tamagawa numbers: c_5 = 1
Tam(J/Q) = []
DiagramData ...
Time: 0.670
reducible Galois representations for primes above 5.
#Sha(J/Q)[2] = 1
trying Heegner points for D_K = -11 ...
Time: 0.130
checking height with Gross-Zagier ...
Time: 2.210
difference in height(y_K) vs. Gross-Zagier: 0.000000
computing Heegner ideal ...
Time: 1.300
I_K = []
gcd(I_bounds) = []
no prime ideal divides all Heegner ideals
prime divisors of Tam(J/Q): 
The support of Sha(J/Q) is contained in S = { 5 }.
ShaAnRk1:
LR = 4, C = 1, cfcpi = 1, #ker = 1, #coker = 1, #J(R)[2] = 4, Tam = 1
sqrt(disc Z[f] / disc O) = 1, I_{K,pi} = 1, (J(K):J(Q)) = 1
The analytic order of Sha(J/Q)_an is 1 = [].
The support of #Sha(J/Q)_an is contained in the primes below primes in S.

The following remains to be done:
* Show that Sha(J/Q)[frp] = 0 for the reducible prime
  frp = ([ 5, 0 ], [ -2, 1 ]) above 5.


N = 129 (#28) of L-rank 0:

====================================================

index = 28: N := 129

Tamagawa numbers: c_3 = 1, c_43 = 1
Tam(J/Q) = []
DiagramData ...
Time: 1.200
reducible Galois representations for primes above .
#Sha(J/Q)[2] = 1
trying Heegner points for D_K = -71 ...
Time: 1.300
checking height with Gross-Zagier ...
Time: 30.550
difference in height(y_K) vs. Gross-Zagier: 0.000000
computing Heegner ideal ...
Time: 12.020
I_K = []
gcd(I_bounds) = []
no prime ideal divides all Heegner ideals
prime divisors of Tam(J/Q): 
The support of Sha(J/Q) is contained in S = {}.
ShaAnRk0:
LR = 1, C = 1, cfcpi = 1, #ker = 1, #coker = 1, #tors = 1, Tam = 1
The analytic order of Sha(J/Q)_an is 1 = [].
The support of #Sha(J/Q)_an is contained in the primes below primes in S.

===> BSD is true with #Sha = #Sha_an = 1.


N = 133 (#29) of L-rank 1:

====================================================

index = 29: N := 133

Tamagawa numbers: c_7 = 1, c_19 = 1
Tam(J/Q) = []
DiagramData ...
Time: 1.220
reducible Galois representations for primes above .
#Sha(J/Q)[2] = 1
trying Heegner points for D_K = -31 ...
Time: 0.470
checking height with Gross-Zagier ...
Time: 8.130
difference in height(y_K) vs. Gross-Zagier: 1.97215E-31
computing Heegner ideal ...
Time: 0.880
I_K = []
gcd(I_bounds) = []
no prime ideal divides all Heegner ideals
prime divisors of Tam(J/Q): 
The support of Sha(J/Q) is contained in S = {}.
ShaAnRk1:
LR = 4, C = 1, cfcpi = 1, #ker = 1, #coker = 1, #J(R)[2] = 4, Tam = 1
sqrt(disc Z[f] / disc O) = 1, I_{K,pi} = 1, (J(K):J(Q)) = 1
The analytic order of Sha(J/Q)_an is 1 = [].
The support of #Sha(J/Q)_an is contained in the primes below primes in S.

===> BSD is true with #Sha = #Sha_an = 1.


N = 133 (#30) of L-rank 1:

====================================================

index = 30: N := 133

Tamagawa numbers: c_7 = 3, c_19 = 1
Tam(J/Q) = [ <3, 1> ]
DiagramData ...
Time: 1.230
reducible Galois representations for primes above 3.
#Sha(J/Q)[2] = 1
c_7 = 3: a_7 = 1
  q = 3: #prqs = 2, v_3(exp(tors)) = 2, #(Sred meet prqs) = 1
  --> can remove one prime ideal above 3 from Tamagawa support
trying Heegner points for D_K = -31 ...
Time: 0.420
checking height with Gross-Zagier ...
Time: 8.730
difference in height(y_K) vs. Gross-Zagier: 6.31089E-30
computing Heegner ideal ...
Time: 3.000
I_K = [ <3, 2> ]
ideal factorization: ([ 3, 0 ], [ 0, -1 ])^2
gcd(I_bounds) = [ <3, 2> ]
prime ideals that occur in the support of all Heegner ideals:
   ([ 3, 0 ], [ 0, -1 ])
prime divisors of Tam(J/Q): 3
The support of Sha(J/Q) is contained in S = { 3 }.
ShaAnRk1:
LR = 108, C = 1, cfcpi = 1, #ker = 1, #coker = 1, #J(R)[2] = 4, Tam = 3
sqrt(disc Z[f] / disc O) = 1, I_{K,pi} = 9, (J(K):J(Q)) = 1
The analytic order of Sha(J/Q)_an is 1 = [].
The support of #Sha(J/Q)_an is contained in the primes below primes in S.
possible torsion prime  ([ 3, 0 ], [ -1, 1 ]):
  dim Sha(J/Q)[frp] <= 2 for frp = <3, 1> by 6.2.1

The following remains to be done:
* Show that Sha(J/Q)[frp] = 0 for the reducible prime
  frp = ([ 3, 0 ], [ 0, 1 ]) above 3.


N = 133 (#31) of L-rank 0:

====================================================

index = 31: N := 133

Tamagawa numbers: c_7 = 5, c_19 = 1
Tam(J/Q) = [ <5, 1> ]
DiagramData ...
Time: 1.300
reducible Galois representations for primes above 5.
#Sha(J/Q)[2] = 4
trying Heegner points for D_K = -31 ...
Time: 0.460
checking height with Gross-Zagier ...
Time: 12.140
difference in height(y_K) vs. Gross-Zagier: 0.000000
computing Heegner ideal ...
Time: 2.420
I_K = [ <5, 1> ]
ideal factorization: ([ 5, 0 ], [ 3, -1 ])
gcd(I_bounds) = [ <5, 1> ]
prime ideals that occur in the support of all Heegner ideals:
   ([ 5, 0 ], [ 3, -1 ])
prime divisors of Tam(J/Q): 5
The support of Sha(J/Q) is contained in S = { 2, 5 }.
ShaAnRk0:
LR = 4/5, C = 1, cfcpi = 1, #ker = 1, #coker = 1, #tors = 5, Tam = 5
The analytic order of Sha(J/Q)_an is 4 = [ <2, 2> ].
The support of #Sha(J/Q)_an is contained in the primes below primes in S.
  BSD_p holds for the (unique) Eisenstein prime above 5 by [KY24, Thm. C].

The following remains to be done:
* Show that #Sha(J/Q)[2^infty] = 4.
  If this curve is from the LMFDB, this follows from [Fisher-Yan].


N = 135 (#32) of L-rank 0:

====================================================

index = 32: N := 135

Tamagawa numbers: c_3 = 1, c_5 = 1
Tam(J/Q) = []
DiagramData ...
Time: 1.410
At least one of the endomorphism rings is not regular at 2.
 --> restrict to odd primes.
reducible Galois representations for primes above 3.
#Sha(J/Q)[2] = 2
trying Heegner points for D_K = -11 ...
DiagramData: prec = 40, err = 6.26605E-24
DiagramData: prec = 57, err = 7.16990E-34
DiagramData: prec = 81, err = 5.48426E-51
DiagramData: prec = 115, err = 4.38076E-75
DiagramData: prec = 163, err = 1.44446E-108
DiagramData: prec = 231, err = 3.75924E-157
DiagramData: prec = 327, err = 1.44979E-224
DiagramData: prec = 462, err = 8.38439E-321
Time: 29.320
checking height with Gross-Zagier ...
Time: 3.680
difference in height(y_K) vs. Gross-Zagier: 6.31089E-30
computing Heegner ideal ...
Time: 311.940
I_K = [ <2, 1>, <3, 1> ]
ideal factorization: ([ 2, 0 ]) ([ 3, 0 ], [ 0, 2 ])
gcd(I_bounds) = [ <2, 1>, <3, 1> ]
prime ideals that occur in the support of all Heegner ideals:
   ([ 2, 0 ]),  ([ 3, 0 ], [ 0, 2 ])
prime divisors of Tam(J/Q): 
The support of Sha(J/Q) is contained in S = { 2, 3 }.
ShaAnRk0:
LR = 1/3, C = 1, cfcpi = 3, #ker = 2, #coker = 1, #tors = 3, Tam = 1
The analytic order of Sha(J/Q)_an is 2 = [ <2, 1> ].
The support of #Sha(J/Q)_an is contained in the primes below primes in S.
possible torsion prime  ([ 3, 0 ], [ 0, 1 ]):
  dim Sha(J/Q)[frp] = 0 for frp = <3, 1> by 6.2.1

===> BSD is true with #Sha = #Sha_an = 2.


N = 135 (#33) of L-rank 0:

====================================================

index = 33: N := 135

Tamagawa numbers: c_3 = 1, c_5 = 1
Tam(J/Q) = []
DiagramData ...
Time: 1.380
reducible Galois representations for primes above 3.
#Sha(J/Q)[2] = 1
trying Heegner points for D_K = -11 ...
Time: 1.540
checking height with Gross-Zagier ...
Time: 3.550
difference in height(y_K) vs. Gross-Zagier: 3.15544E-30
computing Heegner ideal ...
Time: 1.560
I_K = [ <3, 1> ]
ideal factorization: ([ 3, 0 ], [ 3, -1 ])
gcd(I_bounds) = [ <3, 1> ]
prime ideals that occur in the support of all Heegner ideals:
   ([ 3, 0 ], [ 3, -1 ])
prime divisors of Tam(J/Q): 
The support of Sha(J/Q) is contained in S = { 3 }.
ShaAnRk0:
LR = 1/3, C = 1, cfcpi = 3, #ker = 1, #coker = 1, #tors = 3, Tam = 1
The analytic order of Sha(J/Q)_an is 1 = [].
The support of #Sha(J/Q)_an is contained in the primes below primes in S.
possible torsion prime  ([ 3, 0 ], [ 0, 1 ]):
  dim Sha(J/Q)[frp] = 0 for frp = <3, 1> by 6.2.1

===> BSD is true with #Sha = #Sha_an = 1.


N = 147 (#34) of L-rank 1:

====================================================

index = 34: N := 147

Tamagawa numbers: c_3 = 2, c_7 = 2
Tam(J/Q) = [ <2, 2> ]
DiagramData ...
Time: 0.900
reducible Galois representations for primes above 7, 2.
#Sha(J/Q)[2] = 1
trying Heegner points for D_K = -47 ...
Time: 0.280
checking height with Gross-Zagier ...
Time: 12.040
difference in height(y_K) vs. Gross-Zagier: 1.57772E-30
computing Heegner ideal ...
Time: 3.330
I_K = [ <2, 2> ]
ideal factorization: ([ 2, 0 ], [ 1, 1 ])^2
gcd(I_bounds) = [ <2, 2> ]
prime ideals that occur in the support of all Heegner ideals:
   ([ 2, 0 ], [ 1, 1 ])
prime divisors of Tam(J/Q): 2
The support of Sha(J/Q) is contained in S = { 7 }.
ShaAnRk1:
LR = 16, C = 1, cfcpi = 1, #ker = 1, #coker = 1, #J(R)[2] = 4, Tam = 4
sqrt(disc Z[f] / disc O) = 1, I_{K,pi} = 4, (J(K):J(Q)) = 1
The analytic order of Sha(J/Q)_an is 1 = [].
The support of #Sha(J/Q)_an is contained in the primes below primes in S.

The following remains to be done:
* Show that Sha(J/Q)[frp] = 0 for the reducible prime
  frp = ([ 7, 0 ], [ -3, 1 ]) above 7.


N = 165 (#35) of L-rank 1:

====================================================

index = 35: N := 165

Tamagawa numbers: c_3 = 2, c_5 = 1, c_11 = 1
Tam(J/Q) = [ <2, 1> ]
DiagramData ...
Time: 1.970
reducible Galois representations for primes above 2.
#Sha(J/Q)[2] = 1
trying Heegner points for D_K = -131 ...
Time: 4.770
checking height with Gross-Zagier ...
Time: 97.930
difference in height(y_K) vs. Gross-Zagier: 0.000000
computing Heegner ideal ...
Time: 2.590
I_K = [ <2, 3> ]
ideal factorization: ([ 2, 0 ], [ 1, 1 ])^3
gcd(I_bounds) = [ <2, 3> ]
prime ideals that occur in the support of all Heegner ideals:
   ([ 2, 0 ], [ 1, 1 ])
prime divisors of Tam(J/Q): 2
The support of Sha(J/Q) is contained in S = {}.
ShaAnRk1:
LR = 128, C = 1, cfcpi = 1, #ker = 1, #coker = 1, #J(R)[2] = 4, Tam = 2
sqrt(disc Z[f] / disc O) = 1, I_{K,pi} = 8, (J(K):J(Q)) = 1
The analytic order of Sha(J/Q)_an is 1 = [].
The support of #Sha(J/Q)_an is contained in the primes below primes in S.

===> BSD is true with #Sha = #Sha_an = 1.


N = 167 (#36) of L-rank 1:

====================================================

index = 36: N := 167

Tamagawa numbers: c_167 = 1
Tam(J/Q) = []
DiagramData ...
Time: 0.700
reducible Galois representations for primes above .
#Sha(J/Q)[2] = 1
trying Heegner points for D_K = -15 ...
Time: 0.220
checking height with Gross-Zagier ...
Time: 8.170
difference in height(y_K) vs. Gross-Zagier: 3.94430E-31
computing Heegner ideal ...
Time: 0.810
I_K = []
gcd(I_bounds) = []
no prime ideal divides all Heegner ideals
prime divisors of Tam(J/Q): 
The support of Sha(J/Q) is contained in S = {}.
ShaAnRk1:
LR = 4, C = 1, cfcpi = 1, #ker = 1, #coker = 1, #J(R)[2] = 4, Tam = 1
sqrt(disc Z[f] / disc O) = 1, I_{K,pi} = 1, (J(K):J(Q)) = 1
The analytic order of Sha(J/Q)_an is 1 = [].
The support of #Sha(J/Q)_an is contained in the primes below primes in S.

===> BSD is true with #Sha = #Sha_an = 1.


N = 176 (#37) of L-rank 0:

====================================================

index = 37: N := 176

WARNING: Extending the base field to Number Field with defining polynomial x^3 +
    4*x^2 + 5*x + 1 over the Rational Field
Tamagawa numbers: c_2 = 1, c_11 = 1
Tam(J/Q) = []
DiagramData ...
Time: 1.940
reducible Galois representations for primes above 2.
#Sha(J/Q)[2] = 1
trying Heegner points for D_K = -7 ...
Time: 1.580
checking height with Gross-Zagier ...
Time: 3.020
difference in height(y_K) vs. Gross-Zagier: 6.31089E-30
computing Heegner ideal ...
Time: 2.040
I_K = [ <2, 1> ]
ideal factorization: ([ 2, 0 ], [ 2, -1 ])
gcd(I_bounds) = [ <2, 1> ]
prime ideals that occur in the support of all Heegner ideals:
   ([ 2, 0 ], [ 2, -1 ])
prime divisors of Tam(J/Q): 
The support of Sha(J/Q) is contained in S = {}.
WARNING: Extending the base field to Number Field with defining polynomial x^3 +
    2*x^2 + 3*x + 1 over the Rational Field
ShaAnRk0:
LR = 1/4, C = 1/4, cfcpi = 2, #ker = 2, #coker = 1, #tors = 2, Tam = 1
The analytic order of Sha(J/Q)_an is 1 = [].
The support of #Sha(J/Q)_an is contained in the primes below primes in S.

===> BSD is true with #Sha = #Sha_an = 1.


N = 177 (#38) of L-rank 1:

====================================================

index = 38: N := 177

Tamagawa numbers: c_3 = 1, c_59 = 1
Tam(J/Q) = []
DiagramData ...
Time: 1.930
reducible Galois representations for primes above .
#Sha(J/Q)[2] = 1
trying Heegner points for D_K = -11 ...
Time: 0.430
checking height with Gross-Zagier ...
Time: 8.260
difference in height(y_K) vs. Gross-Zagier: 0.000000
computing Heegner ideal ...
Time: 0.880
I_K = []
gcd(I_bounds) = []
no prime ideal divides all Heegner ideals
prime divisors of Tam(J/Q): 
The support of Sha(J/Q) is contained in S = {}.
ShaAnRk1:
LR = 4, C = 1, cfcpi = 1, #ker = 1, #coker = 1, #J(R)[2] = 4, Tam = 1
sqrt(disc Z[f] / disc O) = 1, I_{K,pi} = 1, (J(K):J(Q)) = 1
The analytic order of Sha(J/Q)_an is 1 = [].
The support of #Sha(J/Q)_an is contained in the primes below primes in S.

===> BSD is true with #Sha = #Sha_an = 1.


N = 188 (#39) of L-rank 1:

====================================================

index = 39: N := 188

Tamagawa numbers: c_2 = 9, c_47 = 1
Tam(J/Q) = [ <3, 2> ]
DiagramData ...
Time: 1.900
reducible Galois representations for primes above .
#Sha(J/Q)[2] = 1
trying Heegner points for D_K = -15 ...
Time: 1.370
checking height with Gross-Zagier ...
Time: 4.820
difference in height(y_K) vs. Gross-Zagier: 0.000000
computing Heegner ideal ...
Time: 2.400
I_K = [ <3, 2> ]
ideal factorization: ([ 3, 0 ])
gcd(I_bounds) = [ <3, 2> ]
prime ideals that occur in the support of all Heegner ideals:
   ([ 3, 0 ])
prime divisors of Tam(J/Q): 3
The support of Sha(J/Q) is contained in S = { 3 }.
ShaAnRk1:
LR = 36, C = 1/4, cfcpi = 1, #ker = 1, #coker = 1, #J(R)[2] = 4, Tam = 9
sqrt(disc Z[f] / disc O) = 1, I_{K,pi} = 9, (J(K):J(Q)) = 1
The analytic order of Sha(J/Q)_an is 1 = [].
The support of #Sha(J/Q)_an is contained in the primes below primes in S.

The following remains to be done:
* Show that Sha(J/Q)[frp] = 0 for the irreducible prime
  frp = ([ 3, 0 ]) above 3.


N = 191 (#40) of L-rank 1:

====================================================

index = 40: N := 191

Tamagawa numbers: c_191 = 1
Tam(J/Q) = []
DiagramData ...
Time: 1.170
reducible Galois representations for primes above .
#Sha(J/Q)[2] = 1
trying Heegner points for D_K = -7 ...
Time: 0.140
checking height with Gross-Zagier ...
Time: 9.520
difference in height(y_K) vs. Gross-Zagier: 7.88861E-31
computing Heegner ideal ...
Time: 0.900
I_K = []
gcd(I_bounds) = []
no prime ideal divides all Heegner ideals
prime divisors of Tam(J/Q): 
The support of Sha(J/Q) is contained in S = {}.
ShaAnRk1:
LR = 4, C = 1, cfcpi = 1, #ker = 1, #coker = 1, #J(R)[2] = 4, Tam = 1
sqrt(disc Z[f] / disc O) = 1, I_{K,pi} = 1, (J(K):J(Q)) = 1
The analytic order of Sha(J/Q)_an is 1 = [].
The support of #Sha(J/Q)_an is contained in the primes below primes in S.

===> BSD is true with #Sha = #Sha_an = 1.


N = 193 (#41) of L-rank 1:

====================================================

index = 41: N := 193

Tamagawa numbers: c_193 = 1
Tam(J/Q) = []
DiagramData ...
Time: 1.420
reducible Galois representations for primes above .
#Sha(J/Q)[2] = 1
trying Heegner points for D_K = -7 ...
Time: 0.800
checking height with Gross-Zagier ...
Time: 8.740
difference in height(y_K) vs. Gross-Zagier: 0.000000
computing Heegner ideal ...
Time: 1.030
I_K = []
gcd(I_bounds) = []
no prime ideal divides all Heegner ideals
prime divisors of Tam(J/Q): 
The support of Sha(J/Q) is contained in S = {}.
ShaAnRk1:
LR = 4, C = 1, cfcpi = 1, #ker = 1, #coker = 1, #J(R)[2] = 4, Tam = 1
sqrt(disc Z[f] / disc O) = 1, I_{K,pi} = 1, (J(K):J(Q)) = 1
The analytic order of Sha(J/Q)_an is 1 = [].
The support of #Sha(J/Q)_an is contained in the primes below primes in S.

===> BSD is true with #Sha = #Sha_an = 1.


N = 205 (#42) of L-rank 1:

====================================================

index = 42: N := 205

Tamagawa numbers: c_5 = 1, c_41 = 1
Tam(J/Q) = []
DiagramData ...
Time: 2.150
reducible Galois representations for primes above .
#Sha(J/Q)[2] = 1
trying Heegner points for D_K = -31 ...
Time: 0.530
checking height with Gross-Zagier ...
Time: 13.880
difference in height(y_K) vs. Gross-Zagier: 3.94430E-31
computing Heegner ideal ...
Time: 0.950
I_K = []
gcd(I_bounds) = []
no prime ideal divides all Heegner ideals
prime divisors of Tam(J/Q): 
The support of Sha(J/Q) is contained in S = {}.
ShaAnRk1:
LR = 4, C = 1, cfcpi = 1, #ker = 1, #coker = 1, #J(R)[2] = 4, Tam = 1
sqrt(disc Z[f] / disc O) = 1, I_{K,pi} = 1, (J(K):J(Q)) = 1
The analytic order of Sha(J/Q)_an is 1 = [].
The support of #Sha(J/Q)_an is contained in the primes below primes in S.

===> BSD is true with #Sha = #Sha_an = 1.


N = 207 (#43) of L-rank 1:

====================================================

index = 43: N := 207

Tamagawa numbers: c_3 = 4, c_23 = 1
Tam(J/Q) = [ <2, 2> ]
DiagramData ...
Time: 1.930
reducible Galois representations for primes above 2.
#Sha(J/Q)[2] = 1
trying Heegner points for D_K = -11 ...
Time: 0.660
checking height with Gross-Zagier ...
Time: 4.270
difference in height(y_K) vs. Gross-Zagier: 7.88861E-31
computing Heegner ideal ...
Time: 2.070
I_K = [ <2, 2> ]
ideal factorization: ([ 2, 0 ], [ -1, -1 ])^2
gcd(I_bounds) = [ <2, 2> ]
prime ideals that occur in the support of all Heegner ideals:
   ([ 2, 0 ], [ -1, -1 ])
prime divisors of Tam(J/Q): 2
The support of Sha(J/Q) is contained in S = {}.
ShaAnRk1:
LR = 16, C = 1, cfcpi = 1, #ker = 1, #coker = 1, #J(R)[2] = 4, Tam = 4
sqrt(disc Z[f] / disc O) = 1, I_{K,pi} = 4, (J(K):J(Q)) = 1
The analytic order of Sha(J/Q)_an is 1 = [].
The support of #Sha(J/Q)_an is contained in the primes below primes in S.

===> BSD is true with #Sha = #Sha_an = 1.


N = 209 (#44) of L-rank 1:

====================================================

index = 44: N := 209

Tamagawa numbers: c_11 = 1, c_19 = 2
Tam(J/Q) = [ <2, 1> ]
DiagramData ...
Time: 2.080
reducible Galois representations for primes above .
#Sha(J/Q)[2] = 1
trying Heegner points for D_K = -51 ...
Time: 1.000
checking height with Gross-Zagier ...
Time: 20.920
difference in height(y_K) vs. Gross-Zagier: 0.000000
computing Heegner ideal ...
Time: 1.200
I_K = [ <2, 1> ]
ideal factorization: ([ 2, 0 ], [ 0, -1 ])
gcd(I_bounds) = [ <2, 1> ]
prime ideals that occur in the support of all Heegner ideals:
   ([ 2, 0 ], [ 0, -1 ])
prime divisors of Tam(J/Q): 2
The support of Sha(J/Q) is contained in S = {}.
ShaAnRk1:
LR = 8, C = 1, cfcpi = 1, #ker = 1, #coker = 1, #J(R)[2] = 4, Tam = 2
sqrt(disc Z[f] / disc O) = 1, I_{K,pi} = 2, (J(K):J(Q)) = 1
The analytic order of Sha(J/Q)_an is 1 = [].
The support of #Sha(J/Q)_an is contained in the primes below primes in S.

===> BSD is true with #Sha = #Sha_an = 1.


N = 211 (#45) of L-rank 0:

====================================================

index = 45: N := 211

Tamagawa numbers: c_211 = 1
Tam(J/Q) = []
DiagramData ...
Time: 1.630
reducible Galois representations for primes above 5.
#Sha(J/Q)[2] = 4
trying Heegner points for D_K = -7 ...
Time: 1.050
checking height with Gross-Zagier ...
Time: 11.780
difference in height(y_K) vs. Gross-Zagier: 0.000000
computing Heegner ideal ...
Time: 1.680
I_K = [ <5, 1> ]
ideal factorization: ([ 5, 0 ], [ 3, -1 ])
gcd(I_bounds) = [ <5, 1> ]
prime ideals that occur in the support of all Heegner ideals:
   ([ 5, 0 ], [ 3, -1 ])
prime divisors of Tam(J/Q): 
The support of Sha(J/Q) is contained in S = { 2, 5 }.
ShaAnRk0:
LR = 4/5, C = 1, cfcpi = 5, #ker = 1, #coker = 1, #tors = 5, Tam = 1
The analytic order of Sha(J/Q)_an is 4 = [ <2, 2> ].
The support of #Sha(J/Q)_an is contained in the primes below primes in S.
  BSD_p holds for the (unique) Eisenstein prime above 5 by [KY24, Thm. C].

The following remains to be done:
* Show that #Sha(J/Q)[2^infty] = 4.
  If this curve is from the LMFDB, this follows from [Fisher-Yan].


N = 213 (#46) of L-rank 1:

====================================================

index = 46: N := 213

Tamagawa numbers: c_3 = 1, c_71 = 1
Tam(J/Q) = []
DiagramData ...
Time: 1.920
reducible Galois representations for primes above .
#Sha(J/Q)[2] = 1
trying Heegner points for D_K = -11 ...
Time: 0.690
checking height with Gross-Zagier ...
Time: 11.460
difference in height(y_K) vs. Gross-Zagier: 3.94430E-31
computing Heegner ideal ...
Time: 0.810
I_K = []
gcd(I_bounds) = []
no prime ideal divides all Heegner ideals
prime divisors of Tam(J/Q): 
The support of Sha(J/Q) is contained in S = {}.
ShaAnRk1:
LR = 4, C = 1, cfcpi = 1, #ker = 1, #coker = 1, #J(R)[2] = 4, Tam = 1
sqrt(disc Z[f] / disc O) = 1, I_{K,pi} = 1, (J(K):J(Q)) = 1
The analytic order of Sha(J/Q)_an is 1 = [].
The support of #Sha(J/Q)_an is contained in the primes below primes in S.

===> BSD is true with #Sha = #Sha_an = 1.


N = 221 (#47) of L-rank 1:

====================================================

index = 47: N := 221

Tamagawa numbers: c_13 = 1, c_17 = 1
Tam(J/Q) = []
DiagramData ...
Time: 2.460
reducible Galois representations for primes above .
#Sha(J/Q)[2] = 1
trying Heegner points for D_K = -35 ...
Time: 1.160
checking height with Gross-Zagier ...
Time: 13.700
difference in height(y_K) vs. Gross-Zagier: 1.18329E-30
computing Heegner ideal ...
Time: 0.900
I_K = []
gcd(I_bounds) = []
no prime ideal divides all Heegner ideals
prime divisors of Tam(J/Q): 
The support of Sha(J/Q) is contained in S = {}.
ShaAnRk1:
LR = 4, C = 1, cfcpi = 1, #ker = 1, #coker = 1, #J(R)[2] = 4, Tam = 1
sqrt(disc Z[f] / disc O) = 1, I_{K,pi} = 1, (J(K):J(Q)) = 1
The analytic order of Sha(J/Q)_an is 1 = [].
The support of #Sha(J/Q)_an is contained in the primes below primes in S.

===> BSD is true with #Sha = #Sha_an = 1.


N = 223 (#48) of L-rank 1:

====================================================

index = 48: N := 223

Tamagawa numbers: c_223 = 1
Tam(J/Q) = []
DiagramData ...
Time: 1.950
reducible Galois representations for primes above .
#Sha(J/Q)[2] = 1
trying Heegner points for D_K = -11 ...
Time: 0.450
checking height with Gross-Zagier ...
Time: 12.010
difference in height(y_K) vs. Gross-Zagier: 3.94430E-31
computing Heegner ideal ...
Time: 1.150
I_K = []
gcd(I_bounds) = []
no prime ideal divides all Heegner ideals
prime divisors of Tam(J/Q): 
The support of Sha(J/Q) is contained in S = {}.
ShaAnRk1:
LR = 2, C = 1, cfcpi = 1, #ker = 1, #coker = 1, #J(R)[2] = 8, Tam = 1
sqrt(disc Z[f] / disc O) = 1, I_{K,pi} = 1, (J(K):J(Q)) = 1
The analytic order of Sha(J/Q)_an is 1 = [].
The support of #Sha(J/Q)_an is contained in the primes below primes in S.

===> BSD is true with #Sha = #Sha_an = 1.


N = 227 (#49) of L-rank 0:

====================================================

index = 49: N := 227

Tamagawa numbers: c_227 = 1
Tam(J/Q) = []
DiagramData ...
Time: 1.600
reducible Galois representations for primes above .
#Sha(J/Q)[2] = 1
trying Heegner points for D_K = -15 ...
Time: 1.980
checking height with Gross-Zagier ...
Time: 13.180
difference in height(y_K) vs. Gross-Zagier: 0.000000
computing Heegner ideal ...
Time: 1.410
I_K = []
gcd(I_bounds) = []
no prime ideal divides all Heegner ideals
prime divisors of Tam(J/Q): 
The support of Sha(J/Q) is contained in S = {}.
ShaAnRk0:
LR = 1, C = 1, cfcpi = 1, #ker = 1, #coker = 1, #tors = 1, Tam = 1
The analytic order of Sha(J/Q)_an is 1 = [].
The support of #Sha(J/Q)_an is contained in the primes below primes in S.

===> BSD is true with #Sha = #Sha_an = 1.


N = 245 (#50) of L-rank 1:

====================================================

index = 50: N := 245

Tamagawa numbers: c_5 = 1, c_7 = 2
Tam(J/Q) = [ <2, 1> ]
DiagramData ...
Time: 2.850
reducible Galois representations for primes above 7.
#Sha(J/Q)[2] = 1
trying Heegner points for D_K = -19 ...
Time: 0.460
checking height with Gross-Zagier ...
Time: 4.880
difference in height(y_K) vs. Gross-Zagier: 1.57772E-30
computing Heegner ideal ...
Time: 1.910
I_K = [ <2, 2> ]
ideal factorization: ([ 2, 0 ], [ 0, -1 ])^2
gcd(I_bounds) = [ <2, 2> ]
prime ideals that occur in the support of all Heegner ideals:
   ([ 2, 0 ], [ 0, -1 ])
prime divisors of Tam(J/Q): 2
The support of Sha(J/Q) is contained in S = { 7 }.
ShaAnRk1:
LR = 32, C = 1, cfcpi = 1, #ker = 1, #coker = 1, #J(R)[2] = 4, Tam = 2
sqrt(disc Z[f] / disc O) = 1, I_{K,pi} = 4, (J(K):J(Q)) = 1
The analytic order of Sha(J/Q)_an is 1 = [].
The support of #Sha(J/Q)_an is contained in the primes below primes in S.

The following remains to be done:
* Show that Sha(J/Q)[frp] = 0 for the reducible prime
  frp = ([ 7, 0 ], [ 4, 1 ]) above 7.


N = 250 (#51) of L-rank 0:

====================================================

index = 51: N := 250

c_2(J/Q): trying again ...
c_2(J/Q): trying again ...
c_2(J/Q): trying again ...
c_2(J/Q): trying again ...
c_2(J/Q): trying again ...
c_2(J/Q): trying again ...
c_2(J/Q): trying again ...
c_2(J/Q): trying again ...
c_2(J/Q): trying again ...
c_2(J/Q): trying again ...
error Runtime error:     Fibre blowups over number fields not yet implemented in
c_2(J), using c_2 = 1 instead.
Tamagawa numbers: c_2 = 1, c_5 = 1
 (possibly incorrect for the following p: 2)
Tam(J/Q) = []
DiagramData ...
Time: 2.450
reducible Galois representations for primes above 5.
#Sha(J/Q)[2] = 1
trying Heegner points for D_K = -31 ...
Time: 0.930
checking height with Gross-Zagier ...
Time: 13.970
difference in height(y_K) vs. Gross-Zagier: 1.57772E-30
computing Heegner ideal ...
Time: 3.810
I_K = []
gcd(I_bounds) = []
no prime ideal divides all Heegner ideals
prime divisors of Tam(J/Q): 
The support of Sha(J/Q) is contained in S = { 5 }.
ShaAnRk0:
LR = 1, C = 1, cfcpi = 1, #ker = 1, #coker = 1, #tors = 1, Tam = 1
The analytic order of Sha(J/Q)_an is 1 = [].
The support of #Sha(J/Q)_an is contained in the primes below primes in S.

The following remains to be done:
* Check the computation of the Tamagawa numbers at the following primes: 2
* Show that Sha(J/Q)[frp] = 0 for the reducible prime
  frp = ([ 5, 0 ], [ -1, 2 ]) above 5.


N = 261 (#52) of L-rank 1:

====================================================

index = 52: N := 261

WARNING: Extending the base field to Number Field with defining polynomial x^2 -
    4*x + 5 over the Rational Field
Tamagawa numbers: c_3 = 2, c_29 = 1
Tam(J/Q) = [ <2, 1> ]
DiagramData ...
Time: 4.530
At least one of the endomorphism rings is not regular at 2.
 --> restrict to odd primes.
reducible Galois representations for primes above .
#Sha(J/Q)[2] = 1
trying Heegner points for D_K = -23 ...
DiagramData: prec = 57, err = 5.09960E-37
DiagramData: prec = 81, err = 1.95217E-49
DiagramData: prec = 115, err = 1.56649E-73
Time: 10.970
checking height with Gross-Zagier ...
Time: 8.260
difference in height(y_K) vs. Gross-Zagier: 0.000000
computing Heegner ideal ...
Time: 2.440
I_K = [ <2, 3> ]
ideal factorization: ([ 2, 0 ])^3
gcd(I_bounds) = [ <2, 3> ]
prime ideals that occur in the support of all Heegner ideals:
   ([ 2, 0 ])
prime divisors of Tam(J/Q): 2
The support of Sha(J/Q) is contained in S = {}.
WARNING: Extending the base field to Number Field with defining polynomial x^2 -
    4*x + 5 over the Rational Field
ShaAnRk1:
LR = 16, C = 1, cfcpi = 1, #ker = 2, #coker = 1, #J(R)[2] = 4, Tam = 2
sqrt(disc Z[f] / disc O) = 1/2, I_{K,pi} = 8, (J(K):J(Q)) = 1
The analytic order of Sha(J/Q)_an is 1 = [].
The support of #Sha(J/Q)_an is contained in the primes below primes in S.

===> BSD is true with #Sha = #Sha_an = 1.


N = 261 (#53) of L-rank 1:

====================================================

index = 53: N := 261

Tamagawa numbers: c_3 = 4, c_29 = 1
Tam(J/Q) = [ <2, 2> ]
DiagramData ...
Time: 3.760
reducible Galois representations for primes above .
#Sha(J/Q)[2] = 1
trying Heegner points for D_K = -23 ...
Time: 0.790
checking height with Gross-Zagier ...
Time: 8.270
difference in height(y_K) vs. Gross-Zagier: 1.57772E-30
computing Heegner ideal ...
Time: 1.580
I_K = [ <2, 2> ]
ideal factorization: ([ 2, 0 ])
gcd(I_bounds) = [ <2, 2> ]
prime ideals that occur in the support of all Heegner ideals:
   ([ 2, 0 ])
prime divisors of Tam(J/Q): 2
The support of Sha(J/Q) is contained in S = {}.
ShaAnRk1:
LR = 16, C = 1, cfcpi = 1, #ker = 1, #coker = 1, #J(R)[2] = 4, Tam = 4
sqrt(disc Z[f] / disc O) = 1, I_{K,pi} = 4, (J(K):J(Q)) = 1
The analytic order of Sha(J/Q)_an is 1 = [].
The support of #Sha(J/Q)_an is contained in the primes below primes in S.

===> BSD is true with #Sha = #Sha_an = 1.


N = 275 (#54) of L-rank 0:

====================================================

index = 54: N := 275

Tamagawa numbers: c_5 = 1, c_11 = 1
Tam(J/Q) = []
DiagramData ...
Time: 2.380
reducible Galois representations for primes above 5.
#Sha(J/Q)[2] = 4
trying Heegner points for D_K = -19 ...
Time: 9.400
checking height with Gross-Zagier ...
Time: 8.540
difference in height(y_K) vs. Gross-Zagier: 1.26218E-29
computing Heegner ideal ...
Time: 4.750
I_K = [ <5, 1> ]
ideal factorization: ([ 5, 0 ], [ 3, -1 ])
gcd(I_bounds) = [ <5, 1> ]
prime ideals that occur in the support of all Heegner ideals:
   ([ 5, 0 ], [ 3, -1 ])
prime divisors of Tam(J/Q): 
The support of Sha(J/Q) is contained in S = { 2, 5 }.
ShaAnRk0:
LR = 4/5, C = 1, cfcpi = 5, #ker = 1, #coker = 1, #tors = 5, Tam = 1
The analytic order of Sha(J/Q)_an is 4 = [ <2, 2> ].
The support of #Sha(J/Q)_an is contained in the primes below primes in S.
possible torsion prime  ([ 5, 0 ], [ 2, 1 ]):
  dim Sha(J/Q)[frp] <= 2 for frp = <5, 1> by 6.2.1

The following remains to be done:
* Show that #Sha(J/Q)[2^infty] = 4.
  If this curve is from the LMFDB, this follows from [Fisher-Yan].
* Show that Sha(J/Q)[frp] = 0 for the reducible prime
  frp = ([ 5, 0 ], [ 2, 1 ]) above 5.


N = 275 (#55) of L-rank 1:

====================================================

index = 55: N := 275

Tamagawa numbers: c_5 = 1, c_11 = 1
Tam(J/Q) = []
DiagramData ...
Time: 2.990
reducible Galois representations for primes above 3.
#Sha(J/Q)[2] = 1
trying Heegner points for D_K = -19 ...
Time: 0.520
checking height with Gross-Zagier ...
Time: 6.410
difference in height(y_K) vs. Gross-Zagier: 0.000000
computing Heegner ideal ...
Time: 1.320
I_K = [ <3, 1> ]
ideal factorization: ([ 3, 0 ], [ 1, 1 ])
trying Heegner points for D_K = -39 ...
Time: 1.780
checking height with Gross-Zagier ...
Time: 12.650
difference in height(y_K) vs. Gross-Zagier: 7.88861E-31
computing Heegner ideal ...
Time: 1.020
I_K = []
gcd(I_bounds) = []
no prime ideal divides all Heegner ideals
prime divisors of Tam(J/Q): 
The support of Sha(J/Q) is contained in S = { 3 }.
ShaAnRk1:
LR = 4, C = 1, cfcpi = 1, #ker = 1, #coker = 1, #J(R)[2] = 4, Tam = 1
sqrt(disc Z[f] / disc O) = 1, I_{K,pi} = 1, (J(K):J(Q)) = 1
The analytic order of Sha(J/Q)_an is 1 = [].
The support of #Sha(J/Q)_an is contained in the primes below primes in S.

The following remains to be done:
* Show that Sha(J/Q)[frp] = 0 for the reducible prime
  frp = ([ 3, 0 ], [ 0, 1 ]) above 3.


N = 287 (#56) of L-rank 1:

====================================================

index = 56: N := 287

Tamagawa numbers: c_7 = 1, c_41 = 1
Tam(J/Q) = []
DiagramData ...
Time: 2.220
reducible Galois representations for primes above .
#Sha(J/Q)[2] = 1
trying Heegner points for D_K = -31 ...
Time: 0.190
checking height with Gross-Zagier ...
Time: 19.170
difference in height(y_K) vs. Gross-Zagier: 1.57772E-30
computing Heegner ideal ...
Time: 0.930
I_K = []
gcd(I_bounds) = []
no prime ideal divides all Heegner ideals
prime divisors of Tam(J/Q): 
The support of Sha(J/Q) is contained in S = {}.
ShaAnRk1:
LR = 4, C = 1, cfcpi = 1, #ker = 1, #coker = 1, #J(R)[2] = 4, Tam = 1
sqrt(disc Z[f] / disc O) = 1, I_{K,pi} = 1, (J(K):J(Q)) = 1
The analytic order of Sha(J/Q)_an is 1 = [].
The support of #Sha(J/Q)_an is contained in the primes below primes in S.

===> BSD is true with #Sha = #Sha_an = 1.


N = 289 (#57) of L-rank 1:

====================================================

index = 57: N := 289

Tamagawa numbers: c_17 = 1
Tam(J/Q) = []
DiagramData ...
Time: 2.670
reducible Galois representations for primes above 3, 17.
#Sha(J/Q)[2] = 1
trying Heegner points for D_K = -15 ...
Time: 2.290
checking height with Gross-Zagier ...
Time: 3.650
difference in height(y_K) vs. Gross-Zagier: 0.000000
computing Heegner ideal ...
Time: 1.290
I_K = [ <3, 1> ]
ideal factorization: ([ 3, 0 ], [ 0, -1 ])
gcd(I_bounds) = [ <3, 1> ]
prime ideals that occur in the support of all Heegner ideals:
   ([ 3, 0 ], [ 0, -1 ])
prime divisors of Tam(J/Q): 
The support of Sha(J/Q) is contained in S = { 3, 17 }.
ShaAnRk1:
LR = 36, C = 1, cfcpi = 1, #ker = 1, #coker = 1, #J(R)[2] = 4, Tam = 1
sqrt(disc Z[f] / disc O) = 1, I_{K,pi} = 3, (J(K):J(Q)) = 1
The analytic order of Sha(J/Q)_an is 1 = [].
The support of #Sha(J/Q)_an is contained in the primes below primes in S.

The following remains to be done:
* Show that Sha(J/Q)[frp] = 0 for the reducible prime
  frp = ([ 3, 0 ], [ 0, 1 ]) above 3.
* Show that Sha(J/Q)[frp] = 0 for the reducible prime
  frp = ([ 17, 0 ], [ -4, 1 ]) above 17.


N = 299 (#58) of L-rank 1:

====================================================

index = 58: N := 299

Tamagawa numbers: c_13 = 1, c_23 = 1
Tam(J/Q) = []
DiagramData ...
Time: 2.870
reducible Galois representations for primes above .
#Sha(J/Q)[2] = 1
trying Heegner points for D_K = -43 ...
Time: 0.510
checking height with Gross-Zagier ...
Time: 25.540
difference in height(y_K) vs. Gross-Zagier: 7.88861E-31
computing Heegner ideal ...
Time: 0.900
I_K = []
gcd(I_bounds) = []
no prime ideal divides all Heegner ideals
prime divisors of Tam(J/Q): 
The support of Sha(J/Q) is contained in S = {}.
ShaAnRk1:
LR = 4, C = 1, cfcpi = 1, #ker = 1, #coker = 1, #J(R)[2] = 4, Tam = 1
sqrt(disc Z[f] / disc O) = 1, I_{K,pi} = 1, (J(K):J(Q)) = 1
The analytic order of Sha(J/Q)_an is 1 = [].
The support of #Sha(J/Q)_an is contained in the primes below primes in S.

===> BSD is true with #Sha = #Sha_an = 1.


N = 303 (#59) of L-rank 1:

====================================================

index = 59: N := 303

Tamagawa numbers: c_3 = 2, c_101 = 1
Tam(J/Q) = [ <2, 1> ]
DiagramData ...
Time: 3.650
reducible Galois representations for primes above .
#Sha(J/Q)[2] = 1
trying Heegner points for D_K = -23 ...
Time: 1.800
checking height with Gross-Zagier ...
Time: 17.090
difference in height(y_K) vs. Gross-Zagier: 0.000000
computing Heegner ideal ...
Time: 1.080
I_K = [ <2, 1> ]
ideal factorization: ([ 2, 0 ], [ 0, -1 ])
gcd(I_bounds) = [ <2, 1> ]
prime ideals that occur in the support of all Heegner ideals:
   ([ 2, 0 ], [ 0, -1 ])
prime divisors of Tam(J/Q): 2
The support of Sha(J/Q) is contained in S = {}.
ShaAnRk1:
LR = 4, C = 1, cfcpi = 1, #ker = 1, #coker = 1, #J(R)[2] = 8, Tam = 2
sqrt(disc Z[f] / disc O) = 1, I_{K,pi} = 2, (J(K):J(Q)) = 1
The analytic order of Sha(J/Q)_an is 1 = [].
The support of #Sha(J/Q)_an is contained in the primes below primes in S.

===> BSD is true with #Sha = #Sha_an = 1.


N = 313 (#60) of L-rank 0:

====================================================

index = 60: N := 313

Tamagawa numbers: c_313 = 1
Tam(J/Q) = []
DiagramData ...
Time: 3.050
reducible Galois representations for primes above .
#Sha(J/Q)[2] = 4
trying Heegner points for D_K = -11 ...
DiagramData: prec = 40, err = 1.07478E-24
Time: 0.920
checking height with Gross-Zagier ...
Time: 21.220
difference in height(y_K) vs. Gross-Zagier: 6.31089E-30
computing Heegner ideal ...
Time: 2.190
I_K = []
gcd(I_bounds) = []
no prime ideal divides all Heegner ideals
prime divisors of Tam(J/Q): 
The support of Sha(J/Q) is contained in S = { 2 }.
ShaAnRk0:
LR = 4, C = 1, cfcpi = 1, #ker = 1, #coker = 1, #tors = 1, Tam = 1
The analytic order of Sha(J/Q)_an is 4 = [ <2, 2> ].
The support of #Sha(J/Q)_an is contained in the primes below primes in S.

The following remains to be done:
* Show that #Sha(J/Q)[2^infty] = 4.
  If this curve is from the LMFDB, this follows from [Fisher-Yan].


N = 321 (#61) of L-rank 1:

====================================================

index = 61: N := 321

Tamagawa numbers: c_3 = 1, c_107 = 1
Tam(J/Q) = []
DiagramData ...
Time: 4.100
reducible Galois representations for primes above .
#Sha(J/Q)[2] = 1
trying Heegner points for D_K = -59 ...
Time: 4.870
checking height with Gross-Zagier ...
Time: 44.500
difference in height(y_K) vs. Gross-Zagier: 1.57772E-30
computing Heegner ideal ...
Time: 1.420
I_K = [ <2, 2> ]
ideal factorization: ([ 2, 0 ])
gcd(I_bounds) = [ <2, 2> ]
prime ideals that occur in the support of all Heegner ideals:
   ([ 2, 0 ])
prime divisors of Tam(J/Q): 
The support of Sha(J/Q) is contained in S = {}.
ShaAnRk1:
LR = 16, C = 1, cfcpi = 1, #ker = 1, #coker = 1, #J(R)[2] = 16, Tam = 1
sqrt(disc Z[f] / disc O) = 1, I_{K,pi} = 4, (J(K):J(Q)) = 1
The analytic order of Sha(J/Q)_an is 1 = [].
The support of #Sha(J/Q)_an is contained in the primes below primes in S.

===> BSD is true with #Sha = #Sha_an = 1.


N = 334 (#62) of L-rank 1:

====================================================

index = 62: N := 334

c_2(J/Q): trying again ...
c_2(J/Q): trying again ...
c_2(J/Q): trying again ...
c_2(J/Q): trying again ...
c_2(J/Q): trying again ...
c_2(J/Q): trying again ...
c_2(J/Q): trying again ...
c_2(J/Q): trying again ...
c_2(J/Q): trying again ...
c_2(J/Q): trying again ...
error Runtime error:     Fibre blowups over number fields not yet implemented in
c_2(J), using c_2 = 1 instead.
Tamagawa numbers: c_2 = 1, c_167 = 1
 (possibly incorrect for the following p: 2)
Tam(J/Q) = []
DiagramData ...
Time: 4.750
reducible Galois representations for primes above .
#Sha(J/Q)[2] = 1
trying Heegner points for D_K = -15 ...
Time: 3.440
checking height with Gross-Zagier ...
Time: 22.070
difference in height(y_K) vs. Gross-Zagier: 3.94430E-31
computing Heegner ideal ...
Time: 1.250
I_K = []
gcd(I_bounds) = []
no prime ideal divides all Heegner ideals
prime divisors of Tam(J/Q): 
The support of Sha(J/Q) is contained in S = {}.
ShaAnRk1:
LR = 4, C = 1, cfcpi = 1, #ker = 1, #coker = 1, #J(R)[2] = 4, Tam = 1
sqrt(disc Z[f] / disc O) = 1, I_{K,pi} = 1, (J(K):J(Q)) = 1
The analytic order of Sha(J/Q)_an is 1 = [].
The support of #Sha(J/Q)_an is contained in the primes below primes in S.

The following remains to be done:
* Check the computation of the Tamagawa numbers at the following primes: 2


N = 357 (#63) of L-rank 1:

====================================================

index = 63: N := 357

Tamagawa numbers: c_3 = 1, c_7 = 2, c_17 = 1
Tam(J/Q) = [ <2, 1> ]
DiagramData ...
Time: 5.630
reducible Galois representations for primes above .
#Sha(J/Q)[2] = 1
trying Heegner points for D_K = -47 ...
Time: 5.460
checking height with Gross-Zagier ...
Time: 31.050
difference in height(y_K) vs. Gross-Zagier: 0.000000
computing Heegner ideal ...
Time: 1.060
I_K = [ <2, 1> ]
ideal factorization: ([ 2, 0 ], [ 0, 1 ])
gcd(I_bounds) = [ <2, 1> ]
prime ideals that occur in the support of all Heegner ideals:
   ([ 2, 0 ], [ 0, 1 ])
prime divisors of Tam(J/Q): 2
The support of Sha(J/Q) is contained in S = {}.
ShaAnRk1:
LR = 8, C = 1, cfcpi = 1, #ker = 1, #coker = 1, #J(R)[2] = 4, Tam = 2
sqrt(disc Z[f] / disc O) = 1, I_{K,pi} = 2, (J(K):J(Q)) = 1
The analytic order of Sha(J/Q)_an is 1 = [].
The support of #Sha(J/Q)_an is contained in the primes below primes in S.

===> BSD is true with #Sha = #Sha_an = 1.


N = 358 (#64) of L-rank 0:

====================================================

index = 64: N := 358

Warning: one of the components in the special fibre is not regular. This should 
only happen in the case when these components are geometrically irreducible. 
(Otherwise, the regular model is not computable.) The output is not guaranteed 
to be correct.
Tamagawa numbers: c_2 = 5, c_179 = 1
Tam(J/Q) = [ <5, 1> ]
DiagramData ...
Time: 5.030
reducible Galois representations for primes above 5.
#Sha(J/Q)[2] = 4
trying Heegner points for D_K = -7 ...
Time: 2.420
checking height with Gross-Zagier ...
Time: 25.680
difference in height(y_K) vs. Gross-Zagier: 6.31089E-30
computing Heegner ideal ...
Time: 1.700
I_K = [ <5, 1> ]
ideal factorization: ([ 5, 0 ], [ 4, -1 ])
gcd(I_bounds) = [ <5, 1> ]
prime ideals that occur in the support of all Heegner ideals:
   ([ 5, 0 ], [ 4, -1 ])
prime divisors of Tam(J/Q): 5
The support of Sha(J/Q) is contained in S = { 2, 5 }.
ShaAnRk0:
LR = 4/5, C = 1, cfcpi = 1, #ker = 1, #coker = 1, #tors = 5, Tam = 5
The analytic order of Sha(J/Q)_an is 4 = [ <2, 2> ].
The support of #Sha(J/Q)_an is contained in the primes below primes in S.
  BSD_p holds for the (unique) Eisenstein prime above 5 by [KY24, Thm. C].

The following remains to be done:
* Show that #Sha(J/Q)[2^infty] = 4.
  If this curve is from the LMFDB, this follows from [Fisher-Yan].


N = 375 (#65) of L-rank 1:

====================================================

index = 65: N := 375

Tamagawa numbers: c_3 = 1, c_5 = 1
Tam(J/Q) = []
DiagramData ...
Time: 6.790
reducible Galois representations for primes above 5.
#Sha(J/Q)[2] = 1
trying Heegner points for D_K = -11 ...
Time: 0.640
checking height with Gross-Zagier ...
Time: 7.660
difference in height(y_K) vs. Gross-Zagier: 0.000000
computing Heegner ideal ...
Time: 1.110
I_K = []
gcd(I_bounds) = []
no prime ideal divides all Heegner ideals
prime divisors of Tam(J/Q): 
The support of Sha(J/Q) is contained in S = { 5 }.
ShaAnRk1:
LR = 4, C = 1, cfcpi = 1, #ker = 1, #coker = 1, #J(R)[2] = 4, Tam = 1
sqrt(disc Z[f] / disc O) = 1, I_{K,pi} = 1, (J(K):J(Q)) = 1
The analytic order of Sha(J/Q)_an is 1 = [].
The support of #Sha(J/Q)_an is contained in the primes below primes in S.

The following remains to be done:
* Show that Sha(J/Q)[frp] = 0 for the reducible prime
  frp = ([ 5, 0 ], [ -2, 1 ]) above 5.


N = 376 (#66) of L-rank 1:

====================================================

index = 66: N := 376

Tamagawa numbers: c_2 = 4, c_47 = 1
Tam(J/Q) = [ <2, 2> ]
DiagramData ...
Time: 6.030
reducible Galois representations for primes above .
#Sha(J/Q)[2] = 1
trying Heegner points for D_K = -15 ...
Time: 4.370
checking height with Gross-Zagier ...
Time: 13.440
difference in height(y_K) vs. Gross-Zagier: 1.57772E-30
computing Heegner ideal ...
Time: 1.040
I_K = [ <2, 2> ]
ideal factorization: ([ 2, 0 ])
gcd(I_bounds) = [ <2, 2> ]
prime ideals that occur in the support of all Heegner ideals:
   ([ 2, 0 ])
prime divisors of Tam(J/Q): 2
The support of Sha(J/Q) is contained in S = {}.
ShaAnRk1:
LR = 16, C = 1/4, cfcpi = 1, #ker = 1, #coker = 1, #J(R)[2] = 4, Tam = 4
sqrt(disc Z[f] / disc O) = 1, I_{K,pi} = 4, (J(K):J(Q)) = 1
The analytic order of Sha(J/Q)_an is 1 = [].
The support of #Sha(J/Q)_an is contained in the primes below primes in S.

===> BSD is true with #Sha = #Sha_an = 1.


N = 376 (#67) of L-rank 1:

====================================================

index = 67: N := 376

Tamagawa numbers: c_2 = 4, c_47 = 1
Tam(J/Q) = [ <2, 2> ]
DiagramData ...
Time: 5.400
reducible Galois representations for primes above .
#Sha(J/Q)[2] = 1
trying Heegner points for D_K = -15 ...
Time: 4.660
checking height with Gross-Zagier ...
Time: 13.110
difference in height(y_K) vs. Gross-Zagier: 3.15544E-30
computing Heegner ideal ...
Time: 1.850
I_K = [ <2, 2> ]
ideal factorization: ([ 2, 0 ])
gcd(I_bounds) = [ <2, 2> ]
prime ideals that occur in the support of all Heegner ideals:
   ([ 2, 0 ])
prime divisors of Tam(J/Q): 2
The support of Sha(J/Q) is contained in S = {}.
ShaAnRk1:
LR = 16, C = 1/4, cfcpi = 1, #ker = 1, #coker = 1, #J(R)[2] = 4, Tam = 4
sqrt(disc Z[f] / disc O) = 1, I_{K,pi} = 4, (J(K):J(Q)) = 1
The analytic order of Sha(J/Q)_an is 1 = [].
The support of #Sha(J/Q)_an is contained in the primes below primes in S.

===> BSD is true with #Sha = #Sha_an = 1.


N = 383 (#68) of L-rank 1:

====================================================

index = 68: N := 383

Tamagawa numbers: c_383 = 1
Tam(J/Q) = []
DiagramData ...
Time: 3.730
reducible Galois representations for primes above .
#Sha(J/Q)[2] = 1
trying Heegner points for D_K = -11 ...
Time: 1.260
checking height with Gross-Zagier ...
Time: 27.710
difference in height(y_K) vs. Gross-Zagier: 7.88861E-31
computing Heegner ideal ...
Time: 0.880
I_K = []
gcd(I_bounds) = []
no prime ideal divides all Heegner ideals
prime divisors of Tam(J/Q): 
The support of Sha(J/Q) is contained in S = {}.
ShaAnRk1:
LR = 4, C = 1, cfcpi = 1, #ker = 1, #coker = 1, #J(R)[2] = 4, Tam = 1
sqrt(disc Z[f] / disc O) = 1, I_{K,pi} = 1, (J(K):J(Q)) = 1
The analytic order of Sha(J/Q)_an is 1 = [].
The support of #Sha(J/Q)_an is contained in the primes below primes in S.

===> BSD is true with #Sha = #Sha_an = 1.


N = 389 (#69) of L-rank 1:

====================================================

index = 69: N := 389

Tamagawa numbers: c_389 = 1
Tam(J/Q) = []
DiagramData ...
Time: 3.530
reducible Galois representations for primes above .
#Sha(J/Q)[2] = 1
trying Heegner points for D_K = -7 ...
Time: 2.310
checking height with Gross-Zagier ...
Time: 24.550
difference in height(y_K) vs. Gross-Zagier: 7.88861E-31
computing Heegner ideal ...
Time: 1.350
I_K = [ <2, 1> ]
ideal factorization: ([ 2, 0 ], [ 0, -1 ])
gcd(I_bounds) = [ <2, 1> ]
prime ideals that occur in the support of all Heegner ideals:
   ([ 2, 0 ], [ 0, -1 ])
prime divisors of Tam(J/Q): 
The support of Sha(J/Q) is contained in S = {}.
ShaAnRk1:
LR = 4, C = 1, cfcpi = 1, #ker = 1, #coker = 1, #J(R)[2] = 16, Tam = 1
sqrt(disc Z[f] / disc O) = 1, I_{K,pi} = 2, (J(K):J(Q)) = 1
The analytic order of Sha(J/Q)_an is 1 = [].
The support of #Sha(J/Q)_an is contained in the primes below primes in S.

===> BSD is true with #Sha = #Sha_an = 1.


N = 457 (#70) of L-rank 1:

====================================================

index = 70: N := 457

Tamagawa numbers: c_457 = 1
Tam(J/Q) = []
DiagramData ...
Time: 4.860
reducible Galois representations for primes above .
#Sha(J/Q)[2] = 1
trying Heegner points for D_K = -7 ...
Time: 2.750
checking height with Gross-Zagier ...
Time: 45.060
difference in height(y_K) vs. Gross-Zagier: 2.36658E-30
computing Heegner ideal ...
Time: 0.980
I_K = []
gcd(I_bounds) = []
no prime ideal divides all Heegner ideals
prime divisors of Tam(J/Q): 
The support of Sha(J/Q) is contained in S = {}.
ShaAnRk1:
LR = 4, C = 1, cfcpi = 1, #ker = 1, #coker = 1, #J(R)[2] = 4, Tam = 1
sqrt(disc Z[f] / disc O) = 1, I_{K,pi} = 1, (J(K):J(Q)) = 1
The analytic order of Sha(J/Q)_an is 1 = [].
The support of #Sha(J/Q)_an is contained in the primes below primes in S.

===> BSD is true with #Sha = #Sha_an = 1.


N = 461 (#71) of L-rank 1:

====================================================

index = 71: N := 461

Tamagawa numbers: c_461 = 1
Tam(J/Q) = []
DiagramData ...
Time: 4.830
reducible Galois representations for primes above .
#Sha(J/Q)[2] = 1
trying Heegner points for D_K = -19 ...
Time: 1.570
checking height with Gross-Zagier ...
Time: 43.200
difference in height(y_K) vs. Gross-Zagier: 0.000000
computing Heegner ideal ...
Time: 0.750
I_K = []
gcd(I_bounds) = []
no prime ideal divides all Heegner ideals
prime divisors of Tam(J/Q): 
The support of Sha(J/Q) is contained in S = {}.
ShaAnRk1:
LR = 4, C = 1, cfcpi = 1, #ker = 1, #coker = 1, #J(R)[2] = 4, Tam = 1
sqrt(disc Z[f] / disc O) = 1, I_{K,pi} = 1, (J(K):J(Q)) = 1
The analytic order of Sha(J/Q)_an is 1 = [].
The support of #Sha(J/Q)_an is contained in the primes below primes in S.

===> BSD is true with #Sha = #Sha_an = 1.


N = 491 (#72) of L-rank 1:

====================================================

index = 72: N := 491

Tamagawa numbers: c_491 = 1
Tam(J/Q) = []
DiagramData ...
Time: 5.470
reducible Galois representations for primes above .
#Sha(J/Q)[2] = 1
trying Heegner points for D_K = -7 ...
Time: 3.280
checking height with Gross-Zagier ...
Time: 46.510
difference in height(y_K) vs. Gross-Zagier: 0.000000
computing Heegner ideal ...
Time: 0.780
I_K = []
gcd(I_bounds) = []
no prime ideal divides all Heegner ideals
prime divisors of Tam(J/Q): 
The support of Sha(J/Q) is contained in S = {}.
ShaAnRk1:
LR = 4, C = 1, cfcpi = 1, #ker = 1, #coker = 1, #J(R)[2] = 4, Tam = 1
sqrt(disc Z[f] / disc O) = 1, I_{K,pi} = 1, (J(K):J(Q)) = 1
The analytic order of Sha(J/Q)_an is 1 = [].
The support of #Sha(J/Q)_an is contained in the primes below primes in S.

===> BSD is true with #Sha = #Sha_an = 1.


N = 499 (#73) of L-rank 1:

====================================================

index = 73: N := 499

Tamagawa numbers: c_499 = 1
Tam(J/Q) = []
DiagramData ...
Time: 4.830
reducible Galois representations for primes above .
#Sha(J/Q)[2] = 1
trying Heegner points for D_K = -7 ...
Time: 4.710
checking height with Gross-Zagier ...
Time: 50.290
difference in height(y_K) vs. Gross-Zagier: 3.94430E-31
computing Heegner ideal ...
Time: 0.780
I_K = []
gcd(I_bounds) = []
no prime ideal divides all Heegner ideals
prime divisors of Tam(J/Q): 
The support of Sha(J/Q) is contained in S = {}.
ShaAnRk1:
LR = 4, C = 1, cfcpi = 1, #ker = 1, #coker = 1, #J(R)[2] = 4, Tam = 1
sqrt(disc Z[f] / disc O) = 1, I_{K,pi} = 1, (J(K):J(Q)) = 1
The analytic order of Sha(J/Q)_an is 1 = [].
The support of #Sha(J/Q)_an is contained in the primes below primes in S.

===> BSD is true with #Sha = #Sha_an = 1.


N = 523 (#74) of L-rank 1:

====================================================

index = 74: N := 523

Tamagawa numbers: c_523 = 1
Tam(J/Q) = []
DiagramData ...
Time: 4.960
reducible Galois representations for primes above .
#Sha(J/Q)[2] = 1
trying Heegner points for D_K = -35 ...
Time: 8.630
checking height with Gross-Zagier ...
Time: 57.040
difference in height(y_K) vs. Gross-Zagier: 3.15544E-30
computing Heegner ideal ...
Time: 1.800
I_K = [ <3, 2> ]
ideal factorization: ([ 3, 0 ])
trying Heegner points for D_K = -39 ...
Time: 0.310
checking height with Gross-Zagier ...
Time: 14.100
difference in height(y_K) vs. Gross-Zagier: 0.000000
computing Heegner ideal ...
Time: 1.030
I_K = []
gcd(I_bounds) = []
no prime ideal divides all Heegner ideals
prime divisors of Tam(J/Q): 
The support of Sha(J/Q) is contained in S = {}.
ShaAnRk1:
LR = 4, C = 1, cfcpi = 1, #ker = 1, #coker = 1, #J(R)[2] = 4, Tam = 1
sqrt(disc Z[f] / disc O) = 1, I_{K,pi} = 1, (J(K):J(Q)) = 1
The analytic order of Sha(J/Q)_an is 1 = [].
The support of #Sha(J/Q)_an is contained in the primes below primes in S.

===> BSD is true with #Sha = #Sha_an = 1.


N = 533 (#75) of L-rank 0:

====================================================

index = 75: N := 533

Tamagawa numbers: c_13 = 1, c_41 = 1
Tam(J/Q) = []
DiagramData ...
Time: 6.260
reducible Galois representations for primes above .
#Sha(J/Q)[2] = 1
trying Heegner points for D_K = -23 ...
Time: 6.030
checking height with Gross-Zagier ...
Time: 55.180
difference in height(y_K) vs. Gross-Zagier: 0.000000
computing Heegner ideal ...
Time: 7.700
I_K = []
gcd(I_bounds) = []
no prime ideal divides all Heegner ideals
prime divisors of Tam(J/Q): 
The support of Sha(J/Q) is contained in S = {}.
ShaAnRk0:
LR = 1, C = 1, cfcpi = 1, #ker = 1, #coker = 1, #tors = 1, Tam = 1
The analytic order of Sha(J/Q)_an is 1 = [].
The support of #Sha(J/Q)_an is contained in the primes below primes in S.

===> BSD is true with #Sha = #Sha_an = 1.


N = 599 (#76) of L-rank 1:

====================================================

index = 76: N := 599

Tamagawa numbers: c_599 = 1
Tam(J/Q) = []
DiagramData ...
Time: 7.540
reducible Galois representations for primes above .
#Sha(J/Q)[2] = 1
trying Heegner points for D_K = -7 ...
Time: 5.050
checking height with Gross-Zagier ...
Time: 65.810
difference in height(y_K) vs. Gross-Zagier: 1.57772E-30
computing Heegner ideal ...
Time: 0.820
I_K = []
gcd(I_bounds) = []
no prime ideal divides all Heegner ideals
prime divisors of Tam(J/Q): 
The support of Sha(J/Q) is contained in S = {}.
ShaAnRk1:
LR = 4, C = 1, cfcpi = 1, #ker = 1, #coker = 1, #J(R)[2] = 4, Tam = 1
sqrt(disc Z[f] / disc O) = 1, I_{K,pi} = 1, (J(K):J(Q)) = 1
The analytic order of Sha(J/Q)_an is 1 = [].
The support of #Sha(J/Q)_an is contained in the primes below primes in S.

===> BSD is true with #Sha = #Sha_an = 1.


N = 621 (#77) of L-rank 1:

====================================================

index = 77: N := 621

Tamagawa numbers: c_3 = 1, c_23 = 1
Tam(J/Q) = []
DiagramData ...
Time: 18.220
reducible Galois representations for primes above .
#Sha(J/Q)[2] = 1
trying Heegner points for D_K = -11 ...
Time: 2.340
checking height with Gross-Zagier ...
Time: 25.460
difference in height(y_K) vs. Gross-Zagier: 0.000000
computing Heegner ideal ...
Time: 2.780
I_K = [ <7, 1> ]
ideal factorization: ([ 7, 0 ], [ 3, -1 ])
trying Heegner points for D_K = -83 ...
Time: 27.070
checking height with Gross-Zagier ...
Time: 141.880
difference in height(y_K) vs. Gross-Zagier: 6.31089E-30
computing Heegner ideal ...
Time: 2.320
I_K = [ <2, 2> ]
ideal factorization: ([ 2, 0 ], [ -1, -1 ])^2
gcd(I_bounds) = [ <2, 2> ]
no prime ideal divides all Heegner ideals
prime divisors of Tam(J/Q): 
The support of Sha(J/Q) is contained in S = {}.
ShaAnRk1:
LR = 16, C = 1, cfcpi = 1, #ker = 1, #coker = 1, #J(R)[2] = 16, Tam = 1
sqrt(disc Z[f] / disc O) = 1, I_{K,pi} = 4, (J(K):J(Q)) = 1
The analytic order of Sha(J/Q)_an is 1 = [].
The support of #Sha(J/Q)_an is contained in the primes below primes in S.

===> BSD is true with #Sha = #Sha_an = 1.


N = 621 (#78) of L-rank 1:

====================================================

index = 78: N := 621

Tamagawa numbers: c_3 = 1, c_23 = 1
Tam(J/Q) = []
DiagramData ...
Time: 16.620
reducible Galois representations for primes above .
#Sha(J/Q)[2] = 1
trying Heegner points for D_K = -11 ...
Time: 3.370
checking height with Gross-Zagier ...
Time: 24.260
difference in height(y_K) vs. Gross-Zagier: 0.000000
computing Heegner ideal ...
Time: 0.780
I_K = []
gcd(I_bounds) = []
no prime ideal divides all Heegner ideals
prime divisors of Tam(J/Q): 
The support of Sha(J/Q) is contained in S = {}.
ShaAnRk1:
LR = 4, C = 1, cfcpi = 1, #ker = 1, #coker = 1, #J(R)[2] = 4, Tam = 1
sqrt(disc Z[f] / disc O) = 1, I_{K,pi} = 1, (J(K):J(Q)) = 1
The analytic order of Sha(J/Q)_an is 1 = [].
The support of #Sha(J/Q)_an is contained in the primes below primes in S.

===> BSD is true with #Sha = #Sha_an = 1.


N = 637 (#79) of L-rank 1:

====================================================

index = 79: N := 637

Tamagawa numbers: c_7 = 1, c_13 = 1
Tam(J/Q) = []
DiagramData ...
Time: 11.460
reducible Galois representations for primes above .
#Sha(J/Q)[2] = 1
trying Heegner points for D_K = -55 ...
Time: 21.200
checking height with Gross-Zagier ...
Time: 94.710
difference in height(y_K) vs. Gross-Zagier: 0.000000
computing Heegner ideal ...
Time: 0.820
I_K = []
gcd(I_bounds) = []
no prime ideal divides all Heegner ideals
prime divisors of Tam(J/Q): 
The support of Sha(J/Q) is contained in S = {}.
ShaAnRk1:
LR = 4, C = 1, cfcpi = 1, #ker = 1, #coker = 1, #J(R)[2] = 4, Tam = 1
sqrt(disc Z[f] / disc O) = 1, I_{K,pi} = 1, (J(K):J(Q)) = 1
The analytic order of Sha(J/Q)_an is 1 = [].
The support of #Sha(J/Q)_an is contained in the primes below primes in S.

===> BSD is true with #Sha = #Sha_an = 1.


N = 640 (#80) of L-rank 0:

====================================================

index = 80: N := 640

Tamagawa numbers: c_2 = 1, c_5 = 1
Tam(J/Q) = []
DiagramData ...
Time: 44.910
At least one of the endomorphism rings is not regular at 2.
 --> restrict to odd primes.
reducible Galois representations for primes above .
#Sha(J/Q)[2] = 4
trying Heegner points for D_K = -31 ...
Time: 14.260
checking height with Gross-Zagier ...
Time: 43.270
difference in height(y_K) vs. Gross-Zagier: 1.26218E-29
computing Heegner ideal ...
Time: 7.700
prime ideal Principal Prime Ideal
Generator:
[2, 0] of End(J) does not correspond to a prime ideal of Z[f].
skipping.
I_K = [ <2, 2> ]
gcd(I_bounds) = [ <2, 2> ]
no prime ideal divides all Heegner ideals
prime divisors of Tam(J/Q): 
The support of Sha(J/Q) is contained in S = { 2 }.
ShaAnRk0:
LR = 1/2, C = 1/4, cfcpi = 2, #ker = 2, #coker = 2, #tors = 4, Tam = 1
The analytic order of Sha(J/Q)_an is 4 = [ <2, 2> ].
The support of #Sha(J/Q)_an is contained in the primes below primes in S.

The following remains to be done:
* Show that #Sha(J/Q)[2^infty] = 4.
  If this curve is from the LMFDB, this follows from [Fisher-Yan].


N = 640 (#81) of L-rank 0:

====================================================

index = 81: N := 640

Tamagawa numbers: c_2 = 1, c_5 = 1
Tam(J/Q) = []
DiagramData ...
Time: 42.990
At least one of the endomorphism rings is not regular at 2.
 --> restrict to odd primes.
reducible Galois representations for primes above .
#Sha(J/Q)[2] = 4
trying Heegner points for D_K = -31 ...
Time: 18.030
checking height with Gross-Zagier ...
Time: 47.750
difference in height(y_K) vs. Gross-Zagier: 6.31089E-30
computing Heegner ideal ...
Time: 5.830
prime ideal Principal Prime Ideal
Generator:
[2, 0] of End(J) does not correspond to a prime ideal of Z[f].
skipping.
I_K = [ <2, 2> ]
gcd(I_bounds) = [ <2, 2> ]
no prime ideal divides all Heegner ideals
prime divisors of Tam(J/Q): 
The support of Sha(J/Q) is contained in S = { 2 }.
ShaAnRk0:
LR = 1/2, C = 1/4, cfcpi = 2, #ker = 2, #coker = 2, #tors = 4, Tam = 1
The analytic order of Sha(J/Q)_an is 4 = [ <2, 2> ].
The support of #Sha(J/Q)_an is contained in the primes below primes in S.

The following remains to be done:
* Show that #Sha(J/Q)[2^infty] = 4.
  If this curve is from the LMFDB, this follows from [Fisher-Yan].


N = 647 (#82) of L-rank 1:

====================================================

index = 82: N := 647

Tamagawa numbers: c_647 = 1
Tam(J/Q) = []
DiagramData ...
Time: 9.050
reducible Galois representations for primes above .
#Sha(J/Q)[2] = 1
trying Heegner points for D_K = -11 ...
Time: 4.590
checking height with Gross-Zagier ...
Time: 83.370
difference in height(y_K) vs. Gross-Zagier: 0.000000
computing Heegner ideal ...
Time: 1.260
I_K = [ <5, 1> ]
ideal factorization: ([ 5, 0 ], [ 4, 1 ])
trying Heegner points for D_K = -15 ...
Time: 10.770
checking height with Gross-Zagier ...
Time: 17.570
difference in height(y_K) vs. Gross-Zagier: 0.000000
computing Heegner ideal ...
Time: 0.620
I_K = []
gcd(I_bounds) = []
no prime ideal divides all Heegner ideals
prime divisors of Tam(J/Q): 
The support of Sha(J/Q) is contained in S = {}.
ShaAnRk1:
LR = 4, C = 1, cfcpi = 1, #ker = 1, #coker = 1, #J(R)[2] = 4, Tam = 1
sqrt(disc Z[f] / disc O) = 1, I_{K,pi} = 1, (J(K):J(Q)) = 1
The analytic order of Sha(J/Q)_an is 1 = [].
The support of #Sha(J/Q)_an is contained in the primes below primes in S.

===> BSD is true with #Sha = #Sha_an = 1.


N = 677 (#83) of L-rank 1:

====================================================

index = 83: N := 677

Tamagawa numbers: c_677 = 1
Tam(J/Q) = []
DiagramData ...
Time: 9.340
reducible Galois representations for primes above .
#Sha(J/Q)[2] = 1
trying Heegner points for D_K = -15 ...
Time: 14.280
checking height with Gross-Zagier ...
Time: 87.330
difference in height(y_K) vs. Gross-Zagier: 0.000000
computing Heegner ideal ...
Time: 0.870
I_K = []
gcd(I_bounds) = []
no prime ideal divides all Heegner ideals
prime divisors of Tam(J/Q): 
The support of Sha(J/Q) is contained in S = {}.
ShaAnRk1:
LR = 4, C = 1, cfcpi = 1, #ker = 1, #coker = 1, #J(R)[2] = 4, Tam = 1
sqrt(disc Z[f] / disc O) = 1, I_{K,pi} = 1, (J(K):J(Q)) = 1
The analytic order of Sha(J/Q)_an is 1 = [].
The support of #Sha(J/Q)_an is contained in the primes below primes in S.

===> BSD is true with #Sha = #Sha_an = 1.


N = 683 (#84) of L-rank 0:

====================================================

index = 84: N := 683

Tamagawa numbers: c_683 = 1
Tam(J/Q) = []
DiagramData ...
Time: 9.960
reducible Galois representations for primes above .
#Sha(J/Q)[2] = 1
trying Heegner points for D_K = -7 ...
Time: 10.190
checking height with Gross-Zagier ...
Time: 112.320
difference in height(y_K) vs. Gross-Zagier: 0.000000
computing Heegner ideal ...
Time: 0.770
I_K = []
gcd(I_bounds) = []
no prime ideal divides all Heegner ideals
prime divisors of Tam(J/Q): 
The support of Sha(J/Q) is contained in S = {}.
ShaAnRk0:
LR = 1, C = 1, cfcpi = 1, #ker = 1, #coker = 1, #tors = 1, Tam = 1
The analytic order of Sha(J/Q)_an is 1 = [].
The support of #Sha(J/Q)_an is contained in the primes below primes in S.

===> BSD is true with #Sha = #Sha_an = 1.


N = 689 (#85) of L-rank 1:

====================================================

index = 85: N := 689

Tamagawa numbers: c_13 = 1, c_53 = 1
Tam(J/Q) = []
DiagramData ...
Time: 15.020
reducible Galois representations for primes above .
#Sha(J/Q)[2] = 1
trying Heegner points for D_K = -43 ...
Time: 1.260
checking height with Gross-Zagier ...
Time: 102.310
difference in height(y_K) vs. Gross-Zagier: 7.88861E-31
computing Heegner ideal ...
Time: 1.750
I_K = []
gcd(I_bounds) = []
no prime ideal divides all Heegner ideals
prime divisors of Tam(J/Q): 
The support of Sha(J/Q) is contained in S = {}.
ShaAnRk1:
LR = 4, C = 1, cfcpi = 1, #ker = 1, #coker = 1, #J(R)[2] = 4, Tam = 1
sqrt(disc Z[f] / disc O) = 1, I_{K,pi} = 1, (J(K):J(Q)) = 1
The analytic order of Sha(J/Q)_an is 1 = [].
The support of #Sha(J/Q)_an is contained in the primes below primes in S.

===> BSD is true with #Sha = #Sha_an = 1.


N = 752 (#86) of L-rank 0:

====================================================

index = 86: N := 752

Tamagawa numbers: c_2 = 1, c_47 = 1
Tam(J/Q) = []
DiagramData ...
Time: 31.400
reducible Galois representations for primes above .
#Sha(J/Q)[2] = 1
trying Heegner points for D_K = -15 ...
Time: 19.810
checking height with Gross-Zagier ...
Time: 13.170
difference in height(y_K) vs. Gross-Zagier: 3.15544E-30
computing Heegner ideal ...
Time: 0.770
I_K = []
gcd(I_bounds) = []
no prime ideal divides all Heegner ideals
prime divisors of Tam(J/Q): 
The support of Sha(J/Q) is contained in S = {}.
ShaAnRk0:
LR = 1, C = 1/4, cfcpi = 1, #ker = 1, #coker = 1, #tors = 1, Tam = 1
The analytic order of Sha(J/Q)_an is 1 = [].
The support of #Sha(J/Q)_an is contained in the primes below primes in S.

===> BSD is true with #Sha = #Sha_an = 1.


N = 752 (#87) of L-rank 0:

====================================================

index = 87: N := 752

Tamagawa numbers: c_2 = 1, c_47 = 1
Tam(J/Q) = []
DiagramData ...
Time: 30.910
reducible Galois representations for primes above .
#Sha(J/Q)[2] = 1
trying Heegner points for D_K = -15 ...
Time: 22.140
checking height with Gross-Zagier ...
Time: 23.590
difference in height(y_K) vs. Gross-Zagier: 3.15544E-30
computing Heegner ideal ...
Time: 0.860
I_K = []
gcd(I_bounds) = []
no prime ideal divides all Heegner ideals
prime divisors of Tam(J/Q): 
The support of Sha(J/Q) is contained in S = {}.
ShaAnRk0:
LR = 1, C = 1/4, cfcpi = 1, #ker = 1, #coker = 1, #tors = 1, Tam = 1
The analytic order of Sha(J/Q)_an is 1 = [].
The support of #Sha(J/Q)_an is contained in the primes below primes in S.

===> BSD is true with #Sha = #Sha_an = 1.


N = 752 (#88) of L-rank 1:

====================================================

index = 88: N := 752

Tamagawa numbers: c_2 = 1, c_47 = 1
Tam(J/Q) = []
DiagramData ...
Time: 31.820
reducible Galois representations for primes above .
#Sha(J/Q)[2] = 1
trying Heegner points for D_K = -15 ...
Time: 18.330
checking height with Gross-Zagier ...
Time: 19.740
difference in height(y_K) vs. Gross-Zagier: 1.57772E-30
computing Heegner ideal ...
Time: 0.680
I_K = []
gcd(I_bounds) = []
no prime ideal divides all Heegner ideals
prime divisors of Tam(J/Q): 
The support of Sha(J/Q) is contained in S = {}.
ShaAnRk1:
LR = 4, C = 1/4, cfcpi = 1, #ker = 1, #coker = 1, #J(R)[2] = 4, Tam = 1
sqrt(disc Z[f] / disc O) = 1, I_{K,pi} = 1, (J(K):J(Q)) = 1
The analytic order of Sha(J/Q)_an is 1 = [].
The support of #Sha(J/Q)_an is contained in the primes below primes in S.

===> BSD is true with #Sha = #Sha_an = 1.


N = 783 (#89) of L-rank 1:

====================================================

index = 89: N := 783

Tamagawa numbers: c_3 = 1, c_29 = 1
Tam(J/Q) = []
DiagramData ...
Time: 27.050
reducible Galois representations for primes above .
#Sha(J/Q)[2] = 1
trying Heegner points for D_K = -23 ...
Time: 13.650
checking height with Gross-Zagier ...
Time: 38.350
difference in height(y_K) vs. Gross-Zagier: 0.000000
computing Heegner ideal ...
Time: 0.840
I_K = []
gcd(I_bounds) = []
no prime ideal divides all Heegner ideals
prime divisors of Tam(J/Q): 
The support of Sha(J/Q) is contained in S = {}.
ShaAnRk1:
LR = 4, C = 1, cfcpi = 1, #ker = 1, #coker = 1, #J(R)[2] = 4, Tam = 1
sqrt(disc Z[f] / disc O) = 1, I_{K,pi} = 1, (J(K):J(Q)) = 1
The analytic order of Sha(J/Q)_an is 1 = [].
The support of #Sha(J/Q)_an is contained in the primes below primes in S.

===> BSD is true with #Sha = #Sha_an = 1.


N = 799 (#90) of L-rank 1:

====================================================

index = 90: N := 799

Tamagawa numbers: c_17 = 1, c_47 = 1
Tam(J/Q) = []
DiagramData ...
Time: 20.640
reducible Galois representations for primes above .
#Sha(J/Q)[2] = 1
trying Heegner points for D_K = -15 ...
Time: 22.630
checking height with Gross-Zagier ...
Time: 125.200
difference in height(y_K) vs. Gross-Zagier: 0.000000
computing Heegner ideal ...
Time: 0.970
I_K = []
gcd(I_bounds) = []
no prime ideal divides all Heegner ideals
prime divisors of Tam(J/Q): 
The support of Sha(J/Q) is contained in S = {}.
ShaAnRk1:
LR = 4, C = 1, cfcpi = 1, #ker = 1, #coker = 1, #J(R)[2] = 4, Tam = 1
sqrt(disc Z[f] / disc O) = 1, I_{K,pi} = 1, (J(K):J(Q)) = 1
The analytic order of Sha(J/Q)_an is 1 = [].
The support of #Sha(J/Q)_an is contained in the primes below primes in S.

===> BSD is true with #Sha = #Sha_an = 1.


N = 809 (#91) of L-rank 1:

====================================================

index = 91: N := 809

Tamagawa numbers: c_809 = 1
Tam(J/Q) = []
DiagramData ...
Time: 17.440
reducible Galois representations for primes above .
#Sha(J/Q)[2] = 1
trying Heegner points for D_K = -7 ...
Time: 11.050
checking height with Gross-Zagier ...
Time: 163.110
difference in height(y_K) vs. Gross-Zagier: 7.88861E-31
computing Heegner ideal ...
Time: 0.760
I_K = []
gcd(I_bounds) = []
no prime ideal divides all Heegner ideals
prime divisors of Tam(J/Q): 
The support of Sha(J/Q) is contained in S = {}.
ShaAnRk1:
LR = 4, C = 1, cfcpi = 1, #ker = 1, #coker = 1, #J(R)[2] = 4, Tam = 1
sqrt(disc Z[f] / disc O) = 1, I_{K,pi} = 1, (J(K):J(Q)) = 1
The analytic order of Sha(J/Q)_an is 1 = [].
The support of #Sha(J/Q)_an is contained in the primes below primes in S.

===> BSD is true with #Sha = #Sha_an = 1.


N = 837 (#92) of L-rank 0:

====================================================

index = 92: N := 837

Tamagawa numbers: c_3 = 1, c_31 = 1
Tam(J/Q) = []
DiagramData ...
Time: 54.220
reducible Galois representations for primes above .
#Sha(J/Q)[2] = 1
trying Heegner points for D_K = -11 ...
Time: 1.120
checking height with Gross-Zagier ...
Time: 40.690
difference in height(y_K) vs. Gross-Zagier: 6.31089E-30
computing Heegner ideal ...
Time: 2.110
I_K = []
gcd(I_bounds) = []
no prime ideal divides all Heegner ideals
prime divisors of Tam(J/Q): 
The support of Sha(J/Q) is contained in S = {}.
ShaAnRk0:
LR = 1, C = 1, cfcpi = 1, #ker = 1, #coker = 1, #tors = 1, Tam = 1
The analytic order of Sha(J/Q)_an is 1 = [].
The support of #Sha(J/Q)_an is contained in the primes below primes in S.

===> BSD is true with #Sha = #Sha_an = 1.


N = 841 (#93) of L-rank 1:

====================================================

index = 93: N := 841

Tamagawa numbers: c_29 = 1
Tam(J/Q) = []
DiagramData ...
Time: 16.240
reducible Galois representations for primes above 29.
#Sha(J/Q)[2] = 1
trying Heegner points for D_K = -7 ...
Time: 10.930
checking height with Gross-Zagier ...
Time: 4.450
difference in height(y_K) vs. Gross-Zagier: 7.88861E-31
computing Heegner ideal ...
Time: 0.980
I_K = []
gcd(I_bounds) = []
no prime ideal divides all Heegner ideals
prime divisors of Tam(J/Q): 
The support of Sha(J/Q) is contained in S = { 29 }.
ShaAnRk1:
LR = 4, C = 1, cfcpi = 1, #ker = 1, #coker = 1, #J(R)[2] = 4, Tam = 1
sqrt(disc Z[f] / disc O) = 1, I_{K,pi} = 1, (J(K):J(Q)) = 1
The analytic order of Sha(J/Q)_an is 1 = [].
The support of #Sha(J/Q)_an is contained in the primes below primes in S.

The following remains to be done:
* Show that Sha(J/Q)[frp] = 0 for the reducible prime
  frp = ([ 29, 0 ], [ 6, 1 ]) above 29.


N = 845 (#94) of L-rank 1:

====================================================

index = 94: N := 845

Tamagawa numbers: c_5 = 1, c_13 = 1
Tam(J/Q) = []
DiagramData ...
Time: 29.050
reducible Galois representations for primes above .
#Sha(J/Q)[2] = 1
trying Heegner points for D_K = -51 ...
Time: 16.170
checking height with Gross-Zagier ...
Time: 91.130
difference in height(y_K) vs. Gross-Zagier: 7.88861E-31
computing Heegner ideal ...
Time: 1.060
I_K = []
gcd(I_bounds) = []
no prime ideal divides all Heegner ideals
prime divisors of Tam(J/Q): 
The support of Sha(J/Q) is contained in S = {}.
ShaAnRk1:
LR = 4, C = 1, cfcpi = 1, #ker = 1, #coker = 1, #J(R)[2] = 4, Tam = 1
sqrt(disc Z[f] / disc O) = 1, I_{K,pi} = 1, (J(K):J(Q)) = 1
The analytic order of Sha(J/Q)_an is 1 = [].
The support of #Sha(J/Q)_an is contained in the primes below primes in S.

===> BSD is true with #Sha = #Sha_an = 1.


N = 877 (#95) of L-rank 1:

====================================================

index = 95: N := 877

Tamagawa numbers: c_877 = 1
Tam(J/Q) = []
DiagramData ...
Time: 18.880
reducible Galois representations for primes above .
#Sha(J/Q)[2] = 1
trying Heegner points for D_K = -7 ...
Time: 14.810
checking height with Gross-Zagier ...
Time: 150.950
difference in height(y_K) vs. Gross-Zagier: 0.000000
computing Heegner ideal ...
Time: 1.740
I_K = []
gcd(I_bounds) = []
no prime ideal divides all Heegner ideals
prime divisors of Tam(J/Q): 
The support of Sha(J/Q) is contained in S = {}.
ShaAnRk1:
LR = 4, C = 1, cfcpi = 1, #ker = 1, #coker = 1, #J(R)[2] = 4, Tam = 1
sqrt(disc Z[f] / disc O) = 1, I_{K,pi} = 1, (J(K):J(Q)) = 1
The analytic order of Sha(J/Q)_an is 1 = [].
The support of #Sha(J/Q)_an is contained in the primes below primes in S.

===> BSD is true with #Sha = #Sha_an = 1.


N = 887 (#96) of L-rank 1:

====================================================

index = 96: N := 887

Tamagawa numbers: c_887 = 1
Tam(J/Q) = []
DiagramData ...
Time: 20.280
reducible Galois representations for primes above .
#Sha(J/Q)[2] = 4
trying Heegner points for D_K = -15 ...
Time: 33.270
checking height with Gross-Zagier ...
Time: 192.370
difference in height(y_K) vs. Gross-Zagier: 3.15544E-30
computing Heegner ideal ...
Time: 2.150
I_K = [ <2, 2> ]
ideal factorization: ([ 2, 0 ])
gcd(I_bounds) = [ <2, 2> ]
prime ideals that occur in the support of all Heegner ideals:
   ([ 2, 0 ])
prime divisors of Tam(J/Q): 
The support of Sha(J/Q) is contained in S = { 2 }.
ShaAnRk1:
LR = 4, C = 1, cfcpi = 1, #ker = 1, #coker = 1, #J(R)[2] = 16, Tam = 1
sqrt(disc Z[f] / disc O) = 1, I_{K,pi} = 4, (J(K):J(Q)) = 1
The analytic order of Sha(J/Q)_an is 4 = [ <2, 2> ].
The support of #Sha(J/Q)_an is contained in the primes below primes in S.

The following remains to be done:
* Show that #Sha(J/Q)[2^infty] = 4.
  If this curve is from the LMFDB, this follows from [Fisher-Yan].


N = 929 (#97) of L-rank 1:

====================================================

index = 97: N := 929

Tamagawa numbers: c_929 = 1
Tam(J/Q) = []
DiagramData ...
Time: 25.050
reducible Galois representations for primes above .
#Sha(J/Q)[2] = 1
trying Heegner points for D_K = -11 ...
Time: 9.180
checking height with Gross-Zagier ...
Time: 203.050
difference in height(y_K) vs. Gross-Zagier: 3.15544E-30
computing Heegner ideal ...
Time: 0.970
I_K = []
gcd(I_bounds) = []
no prime ideal divides all Heegner ideals
prime divisors of Tam(J/Q): 
The support of Sha(J/Q) is contained in S = {}.
ShaAnRk1:
LR = 4, C = 1, cfcpi = 1, #ker = 1, #coker = 1, #J(R)[2] = 4, Tam = 1
sqrt(disc Z[f] / disc O) = 1, I_{K,pi} = 1, (J(K):J(Q)) = 1
The analytic order of Sha(J/Q)_an is 1 = [].
The support of #Sha(J/Q)_an is contained in the primes below primes in S.

===> BSD is true with #Sha = #Sha_an = 1.



Total time: 5668.569 seconds, Total memory usage: 2150.25MB
